Using pre-set license
Built from '2021.3/staging' branch; Version is '2021.3.26f1 (a16dc32e0ff2) revision 10579395'; Using compiler version '192829333'; Build Type 'Release'
OS: 'Windows 10  (10.0.19045) 64bit Core' Language: 'en' Physical Memory: 32692 MB
BatchMode: 1, IsHumanControllingUs: 0, StartBugReporterOnCrash: 0, Is64bit: 1, IsPro: 1

COMMAND LINE ARGUMENTS:
C:\Program Files\Unity\Hub\Editor\2021.3.26f1\Editor\Unity.exe
-adb2
-batchMode
-noUpm
-name
AssetImportWorker1
-projectPath
C:/Users/pugsl/source/repos/alley-activation-VR/Alley Activation
-logFile
Logs/AssetImportWorker1.log
-srvPort
64042
Successfully changed project path to: C:/Users/pugsl/source/repos/alley-activation-VR/Alley Activation
C:/Users/pugsl/source/repos/alley-activation-VR/Alley Activation
[UnityMemory] Configuration Parameters - Can be set up in boot.config
    "memorysetup-bucket-allocator-granularity=16"
    "memorysetup-bucket-allocator-bucket-count=8"
    "memorysetup-bucket-allocator-block-size=33554432"
    "memorysetup-bucket-allocator-block-count=8"
    "memorysetup-main-allocator-block-size=16777216"
    "memorysetup-thread-allocator-block-size=16777216"
    "memorysetup-gfx-main-allocator-block-size=16777216"
    "memorysetup-gfx-thread-allocator-block-size=16777216"
    "memorysetup-cache-allocator-block-size=4194304"
    "memorysetup-typetree-allocator-block-size=2097152"
    "memorysetup-profiler-bucket-allocator-granularity=16"
    "memorysetup-profiler-bucket-allocator-bucket-count=8"
    "memorysetup-profiler-bucket-allocator-block-size=33554432"
    "memorysetup-profiler-bucket-allocator-block-count=8"
    "memorysetup-profiler-allocator-block-size=16777216"
    "memorysetup-profiler-editor-allocator-block-size=1048576"
    "memorysetup-temp-allocator-size-main=16777216"
    "memorysetup-job-temp-allocator-block-size=2097152"
    "memorysetup-job-temp-allocator-block-size-background=1048576"
    "memorysetup-job-temp-allocator-reduction-small-platforms=262144"
    "memorysetup-temp-allocator-size-background-worker=32768"
    "memorysetup-temp-allocator-size-job-worker=262144"
    "memorysetup-temp-allocator-size-preload-manager=33554432"
    "memorysetup-temp-allocator-size-nav-mesh-worker=65536"
    "memorysetup-temp-allocator-size-audio-worker=65536"
    "memorysetup-temp-allocator-size-cloud-worker=32768"
    "memorysetup-temp-allocator-size-gi-baking-worker=262144"
    "memorysetup-temp-allocator-size-gfx=262144"
Player connection [19588] Host "[IP] 192.168.1.72 [Port] 0 [Flags] 2 [Guid] 1463143192 [EditorId] 1463143192 [Version] 1048832 [Id] WindowsEditor(7,TheCoalMines) [Debug] 1 [PackageName] WindowsEditor [ProjectName] Editor" joined multi-casting on [225.0.0.222:54997]...

Player connection [19588] Host "[IP] 192.168.1.72 [Port] 0 [Flags] 2 [Guid] 1463143192 [EditorId] 1463143192 [Version] 1048832 [Id] WindowsEditor(7,TheCoalMines) [Debug] 1 [PackageName] WindowsEditor [ProjectName] Editor" joined alternative multi-casting on [225.0.0.222:34997]...

Refreshing native plugins compatible for Editor in 119.68 ms, found 16 plugins.
Preloading 1 native plugins for Editor in 0.59 ms.
Initialize engine version: 2021.3.26f1 (a16dc32e0ff2)
[Subsystems] Discovering subsystems at path C:/Program Files/Unity/Hub/Editor/2021.3.26f1/Editor/Data/Resources/UnitySubsystems
[Subsystems] Discovering subsystems at path C:/Users/pugsl/source/repos/alley-activation-VR/Alley Activation/Assets
GfxDevice: creating device client; threaded=0; jobified=0
Direct3D:
    Version:  Direct3D 11.0 [level 11.1]
    Renderer: Radeon RX Vega (ID=0x687f)
    Vendor:   ATI
    VRAM:     8119 MB
    Driver:   31.0.21905.1001
Initialize mono
Mono path[0] = 'C:/Program Files/Unity/Hub/Editor/2021.3.26f1/Editor/Data/Managed'
Mono path[1] = 'C:/Program Files/Unity/Hub/Editor/2021.3.26f1/Editor/Data/MonoBleedingEdge/lib/mono/unityjit-win32'
Mono config path = 'C:/Program Files/Unity/Hub/Editor/2021.3.26f1/Editor/Data/MonoBleedingEdge/etc'
Using monoOptions --debugger-agent=transport=dt_socket,embedding=1,server=y,suspend=n,address=127.0.0.1:56996
Begin MonoManager ReloadAssembly
Registering precompiled unity dll's ...
Register platform support module: C:/Program Files/Unity/Hub/Editor/2021.3.26f1/Editor/Data/PlaybackEngines/AndroidPlayer/UnityEditor.Android.Extensions.dll
Register platform support module: C:/Program Files/Unity/Hub/Editor/2021.3.26f1/Editor/Data/PlaybackEngines/WindowsStandaloneSupport/UnityEditor.WindowsStandalone.Extensions.dll
Registered in 0.009136 seconds.
Native extension for WindowsStandalone target not found
Native extension for Android target not found
Android Extension - Scanning For ADB Devices 258 ms
Refreshing native plugins compatible for Editor in 105.16 ms, found 16 plugins.
Preloading 1 native plugins for Editor in 0.14 ms.
Mono: successfully reloaded assembly
- Completed reload, in  0.908 seconds
Domain Reload Profiling:
	ReloadAssembly (909ms)
		BeginReloadAssembly (79ms)
			ExecutionOrderSort (0ms)
			DisableScriptedObjects (0ms)
			BackupInstance (0ms)
			ReleaseScriptingObjects (0ms)
			CreateAndSetChildDomain (1ms)
		EndReloadAssembly (735ms)
			LoadAssemblies (76ms)
			RebuildTransferFunctionScriptingTraits (0ms)
			SetupTypeCache (98ms)
			ReleaseScriptCaches (0ms)
			RebuildScriptCaches (23ms)
			SetupLoadedEditorAssemblies (563ms)
				LogAssemblyErrors (0ms)
				InitializePlatformSupportModulesInManaged (350ms)
				SetLoadedEditorAssemblies (0ms)
				RefreshPlugins (105ms)
				BeforeProcessingInitializeOnLoad (1ms)
				ProcessInitializeOnLoadAttributes (70ms)
				ProcessInitializeOnLoadMethodAttributes (36ms)
				AfterProcessingInitializeOnLoad (0ms)
				EditorAssembliesLoaded (0ms)
			ExecutionOrderSort2 (0ms)
			AwakeInstancesAfterBackupRestoration (0ms)
Platform modules already initialized, skipping
Registering precompiled user dll's ...
Registered in 0.013466 seconds.
Begin MonoManager ReloadAssembly
Symbol file LoadedFromMemory doesn't match image C:\Users\pugsl\source\repos\alley-activation-VR\Alley Activation\Library\PackageCache\com.unity.visualscripting@1.8.0\Editor\VisualScripting.Core\Dependencies\DotNetZip\Unity.VisualScripting.IonicZip.dll
Symbol file LoadedFromMemory doesn't match image C:\Users\pugsl\source\repos\alley-activation-VR\Alley Activation\Library\PackageCache\com.unity.visualscripting@1.8.0\Editor\VisualScripting.Core\Dependencies\YamlDotNet\Unity.VisualScripting.YamlDotNet.dll
Native extension for WindowsStandalone target not found
Native extension for Android target not found
Refreshing native plugins compatible for Editor in 100.86 ms, found 16 plugins.
Preloading 1 native plugins for Editor in 0.10 ms.
Package Manager log level set to [2]
System.Reflection.TargetInvocationException: Exception has been thrown by the target of an invocation. ---> System.NullReferenceException: Object reference not set to an instance of an object
  at Unity.XR.Oculus.OculusLoader.AssetPathToAbsolutePath (System.String assetPath) [0x0003d] in C:\Users\pugsl\source\repos\alley-activation-VR\Alley Activation\Library\PackageCache\com.unity.xr.oculus@3.3.0\Runtime\OculusLoader.cs:282 
  at Unity.XR.Oculus.OculusLoader.EditorLoadOVRPlugin () [0x0007b] in C:\Users\pugsl\source\repos\alley-activation-VR\Alley Activation\Library\PackageCache\com.unity.xr.oculus@3.3.0\Runtime\OculusLoader.cs:267 
  at (wrapper managed-to-native) System.Reflection.RuntimeMethodInfo.InternalInvoke(System.Reflection.RuntimeMethodInfo,object,object[],System.Exception&)
  at System.Reflection.RuntimeMethodInfo.Invoke (System.Object obj, System.Reflection.BindingFlags invokeAttr, System.Reflection.Binder binder, System.Object[] parameters, System.Globalization.CultureInfo culture) [0x0006a] in <1c8569827291471e9db0dcd976e97952>:0 
   --- End of inner exception stack trace ---
  at System.Reflection.RuntimeMethodInfo.Invoke (System.Object obj, System.Reflection.BindingFlags invokeAttr, System.Reflection.Binder binder, System.Object[] parameters, System.Globalization.CultureInfo culture) [0x00083] in <1c8569827291471e9db0dcd976e97952>:0 
  at System.Reflection.MethodBase.Invoke (System.Object obj, System.Object[] parameters) [0x00000] in <1c8569827291471e9db0dcd976e97952>:0 
  at UnityEditor.EditorAssemblies.ProcessInitializeOnLoadMethodAttributes () [0x000a5] in <8117508d098d40e7b6cab2e14abb2fdc>:0 
UnityEngine.StackTraceUtility:ExtractStackTrace ()
UnityEngine.DebugLogHandler:LogFormat (UnityEngine.LogType,UnityEngine.Object,string,object[])
UnityEngine.Logger:Log (UnityEngine.LogType,object)
UnityEngine.Debug:LogError (object)
UnityEditor.EditorAssemblies:ProcessInitializeOnLoadMethodAttributes ()

Mono: successfully reloaded assembly
- Completed reload, in  1.273 seconds
Domain Reload Profiling:
	ReloadAssembly (1274ms)
		BeginReloadAssembly (107ms)
			ExecutionOrderSort (0ms)
			DisableScriptedObjects (5ms)
			BackupInstance (0ms)
			ReleaseScriptingObjects (0ms)
			CreateAndSetChildDomain (18ms)
		EndReloadAssembly (1063ms)
			LoadAssemblies (95ms)
			RebuildTransferFunctionScriptingTraits (0ms)
			SetupTypeCache (287ms)
			ReleaseScriptCaches (1ms)
			RebuildScriptCaches (70ms)
			SetupLoadedEditorAssemblies (557ms)
				LogAssemblyErrors (0ms)
				InitializePlatformSupportModulesInManaged (18ms)
				SetLoadedEditorAssemblies (0ms)
				RefreshPlugins (101ms)
				BeforeProcessingInitializeOnLoad (113ms)
				ProcessInitializeOnLoadAttributes (269ms)
				ProcessInitializeOnLoadMethodAttributes (47ms)
				AfterProcessingInitializeOnLoad (10ms)
				EditorAssembliesLoaded (0ms)
			ExecutionOrderSort2 (0ms)
			AwakeInstancesAfterBackupRestoration (5ms)
Platform modules already initialized, skipping
========================================================================
Worker process is ready to serve import requests
Launched and connected shader compiler UnityShaderCompiler.exe after 0.04 seconds
Refreshing native plugins compatible for Editor in 1.24 ms, found 16 plugins.
Preloading 1 native plugins for Editor in 0.10 ms.
Unloading 5285 Unused Serialized files (Serialized files now loaded: 0)
Unloading 74 unused Assets / (1.2 MB). Loaded Objects now: 5787.
Memory consumption went from 229.4 MB to 228.2 MB.
Total: 3.923800 ms (FindLiveObjects: 0.515700 ms CreateObjectMapping: 0.196300 ms MarkObjects: 2.872700 ms  DeleteObjects: 0.338000 ms)

AssetImportParameters requested are different than current active one (requested -> active):
  custom:video-decoder-ogg-theora: a1e56fd34408186e4bbccfd4996cb3dc -> 
  custom:container-muxer-webm: aa71ff27fc2769a1b78a27578f13a17b -> 
  custom:container-demuxer-webm: 4f35f7cbe854078d1ac9338744f61a02 -> 
  custom:video-encoder-webm-vp8: eb34c28f22e8b96e1ab97ce403110664 -> 
  custom:audio-encoder-webm-vorbis: bf7c407c2cedff20999df2af8eb42d56 -> 
  custom:framework-win-MediaFoundation: 216162199b28c13a410421893ffa2e32 -> 
  custom:container-demuxer-ogg: 62fdf1f143b41e24485cea50d1cbac27 -> 
  custom:video-decoder-webm-vp8: 9c59270c3fd7afecdb556c50c9e8de78 -> 
  custom:audio-decoder-ogg-vorbis: bf7c407c2cedff20999df2af8eb42d56 -> 
========================================================================
Received Import Request.
  Time since last request: 54992.907175 seconds.
  path: Assets/Materials/Materials/mural 05.mat
  artifactKey: Guid(ba54abd3e2a327e4293f9eed668e0ac0) Importer(815301076,1909f56bfc062723c751e8b465ee728b)
Start importing Assets/Materials/Materials/mural 05.mat using Guid(ba54abd3e2a327e4293f9eed668e0ac0) Importer(815301076,1909f56bfc062723c751e8b465ee728b)  -> (artifact id: 'd13f2596e258ffb42c340b1f968793e0') in 0.127272 seconds 
========================================================================
Received Import Request.
  Time since last request: 0.000018 seconds.
  path: Assets/Materials/Materials/mural 04.mat
  artifactKey: Guid(7d9e952d0dcd1b944a862ea2604dfd17) Importer(815301076,1909f56bfc062723c751e8b465ee728b)
Start importing Assets/Materials/Materials/mural 04.mat using Guid(7d9e952d0dcd1b944a862ea2604dfd17) Importer(815301076,1909f56bfc062723c751e8b465ee728b)  -> (artifact id: '484e1be8493426df9f67f48d462327e4') in 0.037738 seconds 
========================================================================
Received Import Request.
  Time since last request: 0.000023 seconds.
  path: Assets/Materials/Materials/mural 01.mat
  artifactKey: Guid(ba5b0a54a64a48f4e96933a12189c77c) Importer(815301076,1909f56bfc062723c751e8b465ee728b)
Start importing Assets/Materials/Materials/mural 01.mat using Guid(ba5b0a54a64a48f4e96933a12189c77c) Importer(815301076,1909f56bfc062723c751e8b465ee728b)  -> (artifact id: 'f944fda0c35da8bc2c1c3e8ddf438acb') in 0.033424 seconds 
========================================================================
Received Import Request.
  Time since last request: 61.427383 seconds.
  path: Assets/Materials/grass 3.mat
  artifactKey: Guid(30004f36354850344878b88a66e29204) Importer(815301076,1909f56bfc062723c751e8b465ee728b)
Start importing Assets/Materials/grass 3.mat using Guid(30004f36354850344878b88a66e29204) Importer(815301076,1909f56bfc062723c751e8b465ee728b)  -> (artifact id: '83eadeb8d391f6a6c5697769f64c5240') in 0.013402 seconds 
========================================================================
Received Import Request.
  Time since last request: 25.095139 seconds.
  path: Assets/Materials/grass 4.mat
  artifactKey: Guid(3209b2224609ea1429b10e2ea3f47ce4) Importer(815301076,1909f56bfc062723c751e8b465ee728b)
Start importing Assets/Materials/grass 4.mat using Guid(3209b2224609ea1429b10e2ea3f47ce4) Importer(815301076,1909f56bfc062723c751e8b465ee728b)  -> (artifact id: '5718a87fe201695f90725ce080e51415') in 0.013521 seconds 
========================================================================
Received Import Request.
  Time since last request: 40.535937 seconds.
  path: Assets/Materials/grass 3.mat
  artifactKey: Guid(30004f36354850344878b88a66e29204) Importer(815301076,1909f56bfc062723c751e8b465ee728b)
Start importing Assets/Materials/grass 3.mat using Guid(30004f36354850344878b88a66e29204) Importer(815301076,1909f56bfc062723c751e8b465ee728b)  -> (artifact id: '98cbba2a107054d98e0bcd37c5cfb3cd') in 0.012942 seconds 
========================================================================
Received Import Request.
  Time since last request: 0.000025 seconds.
  path: Assets/Materials/grass 4.mat
  artifactKey: Guid(3209b2224609ea1429b10e2ea3f47ce4) Importer(815301076,1909f56bfc062723c751e8b465ee728b)
Start importing Assets/Materials/grass 4.mat using Guid(3209b2224609ea1429b10e2ea3f47ce4) Importer(815301076,1909f56bfc062723c751e8b465ee728b)  -> (artifact id: '5db39943c90be5ee5e33ecd01d88e972') in 0.012867 seconds 
========================================================================
Received Import Request.
  Time since last request: 159.348116 seconds.
  path: Assets/Materials/grass 3.mat
  artifactKey: Guid(30004f36354850344878b88a66e29204) Importer(815301076,1909f56bfc062723c751e8b465ee728b)
Start importing Assets/Materials/grass 3.mat using Guid(30004f36354850344878b88a66e29204) Importer(815301076,1909f56bfc062723c751e8b465ee728b)  -> (artifact id: 'a025d601650ba2574ca1e5c4ec48efc4') in 0.013144 seconds 
========================================================================
Received Import Request.
  Time since last request: 0.000025 seconds.
  path: Assets/Materials/grass 4.mat
  artifactKey: Guid(3209b2224609ea1429b10e2ea3f47ce4) Importer(815301076,1909f56bfc062723c751e8b465ee728b)
Start importing Assets/Materials/grass 4.mat using Guid(3209b2224609ea1429b10e2ea3f47ce4) Importer(815301076,1909f56bfc062723c751e8b465ee728b)  -> (artifact id: 'fd395c29840332cd494099305d200778') in 0.014494 seconds 
========================================================================
Received Prepare
Registering precompiled user dll's ...
Registered in 0.018132 seconds.
Begin MonoManager ReloadAssembly
Symbol file LoadedFromMemory doesn't match image C:\Users\pugsl\source\repos\alley-activation-VR\Alley Activation\Library\PackageCache\com.unity.visualscripting@1.8.0\Editor\VisualScripting.Core\Dependencies\DotNetZip\Unity.VisualScripting.IonicZip.dll
Symbol file LoadedFromMemory doesn't match image C:\Users\pugsl\source\repos\alley-activation-VR\Alley Activation\Library\PackageCache\com.unity.visualscripting@1.8.0\Editor\VisualScripting.Core\Dependencies\YamlDotNet\Unity.VisualScripting.YamlDotNet.dll
Native extension for WindowsStandalone target not found
Native extension for Android target not found
Refreshing native plugins compatible for Editor in 136.30 ms, found 16 plugins.
Preloading 1 native plugins for Editor in 0.14 ms.
System.Reflection.TargetInvocationException: Exception has been thrown by the target of an invocation. ---> System.NullReferenceException: Object reference not set to an instance of an object
  at Unity.XR.Oculus.OculusLoader.AssetPathToAbsolutePath (System.String assetPath) [0x0003d] in C:\Users\pugsl\source\repos\alley-activation-VR\Alley Activation\Library\PackageCache\com.unity.xr.oculus@3.3.0\Runtime\OculusLoader.cs:282 
  at Unity.XR.Oculus.OculusLoader.EditorLoadOVRPlugin () [0x0007b] in C:\Users\pugsl\source\repos\alley-activation-VR\Alley Activation\Library\PackageCache\com.unity.xr.oculus@3.3.0\Runtime\OculusLoader.cs:267 
  at (wrapper managed-to-native) System.Reflection.RuntimeMethodInfo.InternalInvoke(System.Reflection.RuntimeMethodInfo,object,object[],System.Exception&)
  at System.Reflection.RuntimeMethodInfo.Invoke (System.Object obj, System.Reflection.BindingFlags invokeAttr, System.Reflection.Binder binder, System.Object[] parameters, System.Globalization.CultureInfo culture) [0x0006a] in <1c8569827291471e9db0dcd976e97952>:0 
   --- End of inner exception stack trace ---
  at System.Reflection.RuntimeMethodInfo.Invoke (System.Object obj, System.Reflection.BindingFlags invokeAttr, System.Reflection.Binder binder, System.Object[] parameters, System.Globalization.CultureInfo culture) [0x00083] in <1c8569827291471e9db0dcd976e97952>:0 
  at System.Reflection.MethodBase.Invoke (System.Object obj, System.Object[] parameters) [0x00000] in <1c8569827291471e9db0dcd976e97952>:0 
  at UnityEditor.EditorAssemblies.ProcessInitializeOnLoadMethodAttributes () [0x000a5] in <8117508d098d40e7b6cab2e14abb2fdc>:0 
UnityEngine.StackTraceUtility:ExtractStackTrace ()
UnityEngine.DebugLogHandler:LogFormat (UnityEngine.LogType,UnityEngine.Object,string,object[])
UnityEngine.Logger:Log (UnityEngine.LogType,object)
UnityEngine.Debug:LogError (object)
UnityEditor.EditorAssemblies:ProcessInitializeOnLoadMethodAttributes ()

Mono: successfully reloaded assembly
- Completed reload, in  3.330 seconds
Domain Reload Profiling:
	ReloadAssembly (3330ms)
		BeginReloadAssembly (152ms)
			ExecutionOrderSort (0ms)
			DisableScriptedObjects (4ms)
			BackupInstance (0ms)
			ReleaseScriptingObjects (0ms)
			CreateAndSetChildDomain (40ms)
		EndReloadAssembly (1194ms)
			LoadAssemblies (127ms)
			RebuildTransferFunctionScriptingTraits (0ms)
			SetupTypeCache (340ms)
			ReleaseScriptCaches (2ms)
			RebuildScriptCaches (49ms)
			SetupLoadedEditorAssemblies (597ms)
				LogAssemblyErrors (0ms)
				InitializePlatformSupportModulesInManaged (19ms)
				SetLoadedEditorAssemblies (0ms)
				RefreshPlugins (137ms)
				BeforeProcessingInitializeOnLoad (103ms)
				ProcessInitializeOnLoadAttributes (241ms)
				ProcessInitializeOnLoadMethodAttributes (86ms)
				AfterProcessingInitializeOnLoad (10ms)
				EditorAssembliesLoaded (0ms)
			ExecutionOrderSort2 (0ms)
			AwakeInstancesAfterBackupRestoration (5ms)
Platform modules already initialized, skipping
Shader 'Universal Render Pipeline/Nature/SpeedTree7': fallback shader 'Hidden/Universal Render Pipeline/FallbackError' not found
Shader 'Universal Render Pipeline/Nature/SpeedTree7': dependency 'BillboardShader' shader 'Universal Render Pipeline/Nature/SpeedTree7 Billboard' not found
Shader 'Hidden/Universal Render Pipeline/Terrain/Lit (Add Pass)': fallback shader 'Hidden/Universal Render Pipeline/FallbackError' not found
Shader 'Hidden/Universal Render Pipeline/Terrain/Lit (Base Pass)': fallback shader 'Hidden/Universal Render Pipeline/FallbackError' not found
WARNING: Shader Unsupported: 'Hidden/Universal Render Pipeline/Terrain/Lit (Base Pass)' - All subshaders removed
WARNING: Shader Did you use #pragma only_renderers and omit this platform?
WARNING: Shader If subshaders removal was intentional, you may have forgotten turning Fallback off?
WARNING: Shader Unsupported: 'Hidden/Universal Render Pipeline/Terrain/Lit (Base Pass)' - All subshaders removed
WARNING: Shader Did you use #pragma only_renderers and omit this platform?
WARNING: Shader If subshaders removal was intentional, you may have forgotten turning Fallback off?
Shader 'Universal Render Pipeline/Complex Lit': fallback shader 'Hidden/Universal Render Pipeline/FallbackError' not found
Shader 'Hidden/Universal Render Pipeline/FallbackError': fallback shader 'Hidden/Core/FallbackError' not found
Shader 'Universal Render Pipeline/Baked Lit': fallback shader 'Universal Render Pipeline/Unlit' not found
Refreshing native plugins compatible for Editor in 8.72 ms, found 16 plugins.
Preloading 1 native plugins for Editor in 0.09 ms.
Unloading 6785 Unused Serialized files (Serialized files now loaded: 0)
Unloading 132 unused Assets / (7.3 MB). Loaded Objects now: 7345.
Memory consumption went from 291.0 MB to 283.7 MB.
Total: 6.138800 ms (FindLiveObjects: 0.528000 ms CreateObjectMapping: 0.172400 ms MarkObjects: 2.788000 ms  DeleteObjects: 2.649500 ms)

AssetImportParameters requested are different than current active one (requested -> active):
  custom:video-decoder-ogg-theora: a1e56fd34408186e4bbccfd4996cb3dc -> 
  custom:container-muxer-webm: aa71ff27fc2769a1b78a27578f13a17b -> 
  custom:container-demuxer-webm: 4f35f7cbe854078d1ac9338744f61a02 -> 
  custom:video-encoder-webm-vp8: eb34c28f22e8b96e1ab97ce403110664 -> 
  custom:audio-encoder-webm-vorbis: bf7c407c2cedff20999df2af8eb42d56 -> 
  custom:framework-win-MediaFoundation: 216162199b28c13a410421893ffa2e32 -> 
  custom:container-demuxer-ogg: 62fdf1f143b41e24485cea50d1cbac27 -> 
  custom:video-decoder-webm-vp8: 9c59270c3fd7afecdb556c50c9e8de78 -> 
  custom:audio-decoder-ogg-vorbis: bf7c407c2cedff20999df2af8eb42d56 -> 
========================================================================
Received Import Request.
  Time since last request: 365.889054 seconds.
  path: Assets/RPG FOOD PROPS/UNIVERSAL RENDER PIPELINE/Materials/Bottle1.mat
  artifactKey: Guid(a1dcac7bbb0d49f4eb8ac1929ee8718f) Importer(815301076,1909f56bfc062723c751e8b465ee728b)
Start importing Assets/RPG FOOD PROPS/UNIVERSAL RENDER PIPELINE/Materials/Bottle1.mat using Guid(a1dcac7bbb0d49f4eb8ac1929ee8718f) Importer(815301076,1909f56bfc062723c751e8b465ee728b)  -> (artifact id: '016c35a799a8f3cd3a89e2d97c9f7481') in 0.398209 seconds 
========================================================================
Received Import Request.
  Time since last request: 0.000052 seconds.
  path: Assets/RPG FOOD PROPS/UNIVERSAL RENDER PIPELINE/Materials/Tomato.mat
  artifactKey: Guid(c082e14316ccc4049837e7dbadfa8619) Importer(815301076,1909f56bfc062723c751e8b465ee728b)
Start importing Assets/RPG FOOD PROPS/UNIVERSAL RENDER PIPELINE/Materials/Tomato.mat using Guid(c082e14316ccc4049837e7dbadfa8619) Importer(815301076,1909f56bfc062723c751e8b465ee728b)  -> (artifact id: '2d1bf4330818fa5889018b5dcc48705e') in 0.240718 seconds 
========================================================================
Received Import Request.
  Time since last request: 0.000037 seconds.
  path: Assets/RPG FOOD PROPS/UNIVERSAL RENDER PIPELINE/Materials/TraderTent.mat
  artifactKey: Guid(6242bbf32b4e0f14eb8debbf1eae8940) Importer(815301076,1909f56bfc062723c751e8b465ee728b)
Start importing Assets/RPG FOOD PROPS/UNIVERSAL RENDER PIPELINE/Materials/TraderTent.mat using Guid(6242bbf32b4e0f14eb8debbf1eae8940) Importer(815301076,1909f56bfc062723c751e8b465ee728b)  -> (artifact id: '1212e47a44dcf408b290632334d47f8f') in 0.195933 seconds 
========================================================================
Received Import Request.
  Time since last request: 0.000028 seconds.
  path: Assets/RPG FOOD PROPS/UNIVERSAL RENDER PIPELINE/Meshs/Meat1_Collider.fbx
  artifactKey: Guid(b14a55b14cee5c14a898ca3d073787ab) Importer(815301076,1909f56bfc062723c751e8b465ee728b)
Start importing Assets/RPG FOOD PROPS/UNIVERSAL RENDER PIPELINE/Meshs/Meat1_Collider.fbx using Guid(b14a55b14cee5c14a898ca3d073787ab) Importer(815301076,1909f56bfc062723c751e8b465ee728b)  -> (artifact id: '7e4fc15afa606fd67641f84b84d911e6') in 0.079350 seconds 
========================================================================
Received Import Request.
  Time since last request: 0.000027 seconds.
  path: Assets/RPG FOOD PROPS/UNIVERSAL RENDER PIPELINE/Meshs/Meat1.fbx
  artifactKey: Guid(626a4ddaed1d47948af20c30bb7b8bc4) Importer(815301076,1909f56bfc062723c751e8b465ee728b)
Start importing Assets/RPG FOOD PROPS/UNIVERSAL RENDER PIPELINE/Meshs/Meat1.fbx using Guid(626a4ddaed1d47948af20c30bb7b8bc4) Importer(815301076,1909f56bfc062723c751e8b465ee728b)  -> (artifact id: '0efc2aa70c157160c61e6049d2b85ae7') in 0.018060 seconds 
========================================================================
Received Import Request.
  Time since last request: 0.000035 seconds.
  path: Assets/RPG FOOD PROPS/UNIVERSAL RENDER PIPELINE/Meshs/Bread1_Collider.fbx
  artifactKey: Guid(13bcf3f77dd042842b90a264314e28a9) Importer(815301076,1909f56bfc062723c751e8b465ee728b)
Start importing Assets/RPG FOOD PROPS/UNIVERSAL RENDER PIPELINE/Meshs/Bread1_Collider.fbx using Guid(13bcf3f77dd042842b90a264314e28a9) Importer(815301076,1909f56bfc062723c751e8b465ee728b)  -> (artifact id: '5e2d5debc435ec287e49d1cac04a8b96') in 0.019200 seconds 
========================================================================
Received Import Request.
  Time since last request: 0.000023 seconds.
  path: Assets/RPG FOOD PROPS/UNIVERSAL RENDER PIPELINE/Meshs/Bottle1_Collider.fbx
  artifactKey: Guid(dbdead47eb61aa54b8e968b41ad509ee) Importer(815301076,1909f56bfc062723c751e8b465ee728b)
Start importing Assets/RPG FOOD PROPS/UNIVERSAL RENDER PIPELINE/Meshs/Bottle1_Collider.fbx using Guid(dbdead47eb61aa54b8e968b41ad509ee) Importer(815301076,1909f56bfc062723c751e8b465ee728b)  -> (artifact id: '1996fe47bcd9cb7d88e3c138f2370023') in 0.017774 seconds 
========================================================================
Received Import Request.
  Time since last request: 0.000037 seconds.
  path: Assets/RPG FOOD PROPS/UNIVERSAL RENDER PIPELINE/Materials/Bottle2.mat
  artifactKey: Guid(f07a5267f9c66784494b1fbda4bddb75) Importer(815301076,1909f56bfc062723c751e8b465ee728b)
Start importing Assets/RPG FOOD PROPS/UNIVERSAL RENDER PIPELINE/Materials/Bottle2.mat using Guid(f07a5267f9c66784494b1fbda4bddb75) Importer(815301076,1909f56bfc062723c751e8b465ee728b)  -> (artifact id: 'eed4317579cba7f5558289e23130caab') in 0.199003 seconds 
========================================================================
Received Import Request.
  Time since last request: 0.000018 seconds.
  path: Assets/RPG FOOD PROPS/UNIVERSAL RENDER PIPELINE/Prefabs/WoodenBox2.prefab
  artifactKey: Guid(07645dd9a36a8e9448e0dec741f8b343) Importer(815301076,1909f56bfc062723c751e8b465ee728b)
Start importing Assets/RPG FOOD PROPS/UNIVERSAL RENDER PIPELINE/Prefabs/WoodenBox2.prefab using Guid(07645dd9a36a8e9448e0dec741f8b343) Importer(815301076,1909f56bfc062723c751e8b465ee728b)  -> (artifact id: '5ba915bfdb45183cc4c566029d3ba35d') in 0.191927 seconds 
========================================================================
Received Import Request.
  Time since last request: 0.000036 seconds.
  path: Assets/RPG FOOD PROPS/UNIVERSAL RENDER PIPELINE/Prefabs/Bottle1.prefab
  artifactKey: Guid(ce76ebfaafbbc804f883fa5def58db84) Importer(815301076,1909f56bfc062723c751e8b465ee728b)
Start importing Assets/RPG FOOD PROPS/UNIVERSAL RENDER PIPELINE/Prefabs/Bottle1.prefab using Guid(ce76ebfaafbbc804f883fa5def58db84) Importer(815301076,1909f56bfc062723c751e8b465ee728b)  -> (artifact id: 'b4f98f475b8da2f0ce4bbe2ce1b99a39') in 0.198961 seconds 
========================================================================
Received Import Request.
  Time since last request: 0.000023 seconds.
  path: Assets/RPG FOOD PROPS/UNIVERSAL RENDER PIPELINE/Prefabs/TraderTable.prefab
  artifactKey: Guid(c831aec7563529b42801d2fc8bc5f8ea) Importer(815301076,1909f56bfc062723c751e8b465ee728b)
Start importing Assets/RPG FOOD PROPS/UNIVERSAL RENDER PIPELINE/Prefabs/TraderTable.prefab using Guid(c831aec7563529b42801d2fc8bc5f8ea) Importer(815301076,1909f56bfc062723c751e8b465ee728b)  -> (artifact id: '62c75572c8b0f5cac0eb97cda4233044') in 0.171609 seconds 
========================================================================
Received Import Request.
  Time since last request: 0.000023 seconds.
  path: Assets/RPG FOOD PROPS/UNIVERSAL RENDER PIPELINE/Prefabs/WoodenBox2 Watermelon.prefab
  artifactKey: Guid(1790fda9790e90946a3ce7e37d502096) Importer(815301076,1909f56bfc062723c751e8b465ee728b)
Start importing Assets/RPG FOOD PROPS/UNIVERSAL RENDER PIPELINE/Prefabs/WoodenBox2 Watermelon.prefab using Guid(1790fda9790e90946a3ce7e37d502096) Importer(815301076,1909f56bfc062723c751e8b465ee728b)  -> (artifact id: '8ccde3983fd5018e9206c18962ecebf6') in 0.418284 seconds 
========================================================================
Received Import Request.
  Time since last request: 0.000031 seconds.
  path: Assets/RPG FOOD PROPS/UNIVERSAL RENDER PIPELINE/Prefabs/Bottle2.prefab
  artifactKey: Guid(8c7f9915aec26ec44ad4a2069e994abc) Importer(815301076,1909f56bfc062723c751e8b465ee728b)
Start importing Assets/RPG FOOD PROPS/UNIVERSAL RENDER PIPELINE/Prefabs/Bottle2.prefab using Guid(8c7f9915aec26ec44ad4a2069e994abc) Importer(815301076,1909f56bfc062723c751e8b465ee728b)  -> (artifact id: '1355c36afa32cb68d58e14118c419ace') in 0.177391 seconds 
========================================================================
Received Import Request.
  Time since last request: 0.000037 seconds.
  path: Assets/RPG FOOD PROPS/UNIVERSAL RENDER PIPELINE/Prefabs/WoodenBox1 Orange.prefab
  artifactKey: Guid(688a230d8b0551a42ab8a80ad85c1416) Importer(815301076,1909f56bfc062723c751e8b465ee728b)
Start importing Assets/RPG FOOD PROPS/UNIVERSAL RENDER PIPELINE/Prefabs/WoodenBox1 Orange.prefab using Guid(688a230d8b0551a42ab8a80ad85c1416) Importer(815301076,1909f56bfc062723c751e8b465ee728b)  -> (artifact id: 'e78d42d117baac47bc7363c7ac4e5341') in 0.341688 seconds 
========================================================================
Received Import Request.
  Time since last request: 0.000025 seconds.
  path: Assets/RPG FOOD PROPS/UNIVERSAL RENDER PIPELINE/Meshs/Apple.fbx
  artifactKey: Guid(bd2ea6bb04b094643af6fd339f77c0af) Importer(815301076,1909f56bfc062723c751e8b465ee728b)
Start importing Assets/RPG FOOD PROPS/UNIVERSAL RENDER PIPELINE/Meshs/Apple.fbx using Guid(bd2ea6bb04b094643af6fd339f77c0af) Importer(815301076,1909f56bfc062723c751e8b465ee728b)  -> (artifact id: '27a9a1aac85c508b988dd115af65b5e7') in 0.015931 seconds 
========================================================================
Received Import Request.
  Time since last request: 0.000032 seconds.
  path: Assets/RPG FOOD PROPS/UNIVERSAL RENDER PIPELINE/Meshs/Cheese1_Collider.fbx
  artifactKey: Guid(2f098227d428caa4299bc9061c09ae1d) Importer(815301076,1909f56bfc062723c751e8b465ee728b)
Start importing Assets/RPG FOOD PROPS/UNIVERSAL RENDER PIPELINE/Meshs/Cheese1_Collider.fbx using Guid(2f098227d428caa4299bc9061c09ae1d) Importer(815301076,1909f56bfc062723c751e8b465ee728b)  -> (artifact id: '612ac9b3d2952cfaaa45743723788873') in 0.019489 seconds 
========================================================================
Received Import Request.
  Time since last request: 0.000024 seconds.
  path: Assets/RPG FOOD PROPS/UNIVERSAL RENDER PIPELINE/Meshs/TraderTent_Collider.fbx
  artifactKey: Guid(55ff8697254b99248a3ad8fa213fc1cd) Importer(815301076,1909f56bfc062723c751e8b465ee728b)
Start importing Assets/RPG FOOD PROPS/UNIVERSAL RENDER PIPELINE/Meshs/TraderTent_Collider.fbx using Guid(55ff8697254b99248a3ad8fa213fc1cd) Importer(815301076,1909f56bfc062723c751e8b465ee728b)  -> (artifact id: 'ff7bec485fb2accac1a58ed432cec618') in 0.018599 seconds 
========================================================================
Received Import Request.
  Time since last request: 0.000033 seconds.
  path: Assets/RPG FOOD PROPS/UNIVERSAL RENDER PIPELINE/Prefabs/Cheese1.prefab
  artifactKey: Guid(302fc36bcf25c0e4e8efb2e3ddf452c6) Importer(815301076,1909f56bfc062723c751e8b465ee728b)
Start importing Assets/RPG FOOD PROPS/UNIVERSAL RENDER PIPELINE/Prefabs/Cheese1.prefab using Guid(302fc36bcf25c0e4e8efb2e3ddf452c6) Importer(815301076,1909f56bfc062723c751e8b465ee728b)  -> (artifact id: 'e86066b869b6d5d704de07177039faa0') in 0.172156 seconds 
========================================================================
Received Import Request.
  Time since last request: 0.000024 seconds.
  path: Assets/RPG FOOD PROPS/UNIVERSAL RENDER PIPELINE/Meshs/Pumpkin.fbx
  artifactKey: Guid(98e4d0414bef6de43a31b0186e9ff135) Importer(815301076,1909f56bfc062723c751e8b465ee728b)
Start importing Assets/RPG FOOD PROPS/UNIVERSAL RENDER PIPELINE/Meshs/Pumpkin.fbx using Guid(98e4d0414bef6de43a31b0186e9ff135) Importer(815301076,1909f56bfc062723c751e8b465ee728b)  -> (artifact id: '743fd6e6d6279ca82b4653aba1df9b9a') in 0.015929 seconds 
========================================================================
Received Import Request.
  Time since last request: 0.000031 seconds.
  path: Assets/RPG FOOD PROPS/UNIVERSAL RENDER PIPELINE/Materials/Meat2.mat
  artifactKey: Guid(86b6be96c5fdb7e4dad7dfeea0182a1e) Importer(815301076,1909f56bfc062723c751e8b465ee728b)
Start importing Assets/RPG FOOD PROPS/UNIVERSAL RENDER PIPELINE/Materials/Meat2.mat using Guid(86b6be96c5fdb7e4dad7dfeea0182a1e) Importer(815301076,1909f56bfc062723c751e8b465ee728b)  -> (artifact id: '89f655fc7633b49ea264c6f2eb9c0f27') in 0.166780 seconds 
========================================================================
Received Import Request.
  Time since last request: 0.000016 seconds.
  path: Assets/RPG FOOD PROPS/UNIVERSAL RENDER PIPELINE/Materials/TraderTable.mat
  artifactKey: Guid(34b1ee6d058f25347b5f18269c85777a) Importer(815301076,1909f56bfc062723c751e8b465ee728b)
Start importing Assets/RPG FOOD PROPS/UNIVERSAL RENDER PIPELINE/Materials/TraderTable.mat using Guid(34b1ee6d058f25347b5f18269c85777a) Importer(815301076,1909f56bfc062723c751e8b465ee728b)  -> (artifact id: 'f0d0b7d64eb0ae18dec0a92cf88358af') in 0.174161 seconds 
========================================================================
Received Import Request.
  Time since last request: 0.000018 seconds.
  path: Assets/RPG FOOD PROPS/UNIVERSAL RENDER PIPELINE/Meshs/WoodenBox1.fbx
  artifactKey: Guid(1e1e3053857168442b1a3d09a1eecdb6) Importer(815301076,1909f56bfc062723c751e8b465ee728b)
Start importing Assets/RPG FOOD PROPS/UNIVERSAL RENDER PIPELINE/Meshs/WoodenBox1.fbx using Guid(1e1e3053857168442b1a3d09a1eecdb6) Importer(815301076,1909f56bfc062723c751e8b465ee728b)  -> (artifact id: '75371c65c58ca76ab6710da977fc110c') in 0.017011 seconds 
========================================================================
Received Import Request.
  Time since last request: 0.000026 seconds.
  path: Assets/RPG FOOD PROPS/UNIVERSAL RENDER PIPELINE/Prefabs/Bread1.prefab
  artifactKey: Guid(7bb36d5ab74d539468ad55ab6793edcc) Importer(815301076,1909f56bfc062723c751e8b465ee728b)
Start importing Assets/RPG FOOD PROPS/UNIVERSAL RENDER PIPELINE/Prefabs/Bread1.prefab using Guid(7bb36d5ab74d539468ad55ab6793edcc) Importer(815301076,1909f56bfc062723c751e8b465ee728b)  -> (artifact id: '1af402ffeb2e91e483c855f93ca42cc6') in 0.170320 seconds 
========================================================================
Received Import Request.
  Time since last request: 0.000037 seconds.
  path: Assets/RPG FOOD PROPS/UNIVERSAL RENDER PIPELINE/Meshs/Orange.fbx
  artifactKey: Guid(a4a783a2959fad14184dde69140e8b93) Importer(815301076,1909f56bfc062723c751e8b465ee728b)
Start importing Assets/RPG FOOD PROPS/UNIVERSAL RENDER PIPELINE/Meshs/Orange.fbx using Guid(a4a783a2959fad14184dde69140e8b93) Importer(815301076,1909f56bfc062723c751e8b465ee728b)  -> (artifact id: '445193a91c2f8661c4f4229ba40e515a') in 0.018493 seconds 
========================================================================
Received Import Request.
  Time since last request: 0.000020 seconds.
  path: Assets/RPG FOOD PROPS/UNIVERSAL RENDER PIPELINE/Prefabs/Meat1.prefab
  artifactKey: Guid(2c53fbdb3e9a9ce42b34631394511fb7) Importer(815301076,1909f56bfc062723c751e8b465ee728b)
Start importing Assets/RPG FOOD PROPS/UNIVERSAL RENDER PIPELINE/Prefabs/Meat1.prefab using Guid(2c53fbdb3e9a9ce42b34631394511fb7) Importer(815301076,1909f56bfc062723c751e8b465ee728b)  -> (artifact id: '509c9bbaac387d6a918bbc66f62189f5') in 0.175968 seconds 
========================================================================
Received Import Request.
  Time since last request: 0.000022 seconds.
  path: Assets/RPG FOOD PROPS/UNIVERSAL RENDER PIPELINE/Meshs/Sausage.fbx
  artifactKey: Guid(28051c0664808de4f9df91679883b641) Importer(815301076,1909f56bfc062723c751e8b465ee728b)
Start importing Assets/RPG FOOD PROPS/UNIVERSAL RENDER PIPELINE/Meshs/Sausage.fbx using Guid(28051c0664808de4f9df91679883b641) Importer(815301076,1909f56bfc062723c751e8b465ee728b)  -> (artifact id: 'c5048c1d9e4825f97c9631915d1aa257') in 0.019740 seconds 
========================================================================
Received Import Request.
  Time since last request: 0.000041 seconds.
  path: Assets/RPG FOOD PROPS/UNIVERSAL RENDER PIPELINE/Prefabs/WoodenBox1 Tomato.prefab
  artifactKey: Guid(e96445446b250ae4b8ef9bf4e0c88ff5) Importer(815301076,1909f56bfc062723c751e8b465ee728b)
Start importing Assets/RPG FOOD PROPS/UNIVERSAL RENDER PIPELINE/Prefabs/WoodenBox1 Tomato.prefab using Guid(e96445446b250ae4b8ef9bf4e0c88ff5) Importer(815301076,1909f56bfc062723c751e8b465ee728b)  -> (artifact id: '6747add2cc3eedc267dbee00cad92f40') in 0.331905 seconds 
========================================================================
Received Import Request.
  Time since last request: 0.000019 seconds.
  path: Assets/RPG FOOD PROPS/UNIVERSAL RENDER PIPELINE/Prefabs/WoodenBox1 Bottle1.prefab
  artifactKey: Guid(ae3643f4e0eee5a488f65db0cd29f20b) Importer(815301076,1909f56bfc062723c751e8b465ee728b)
Start importing Assets/RPG FOOD PROPS/UNIVERSAL RENDER PIPELINE/Prefabs/WoodenBox1 Bottle1.prefab using Guid(ae3643f4e0eee5a488f65db0cd29f20b) Importer(815301076,1909f56bfc062723c751e8b465ee728b)  -> (artifact id: 'dd3b3f136f9a5588541143daa664e04d') in 0.343440 seconds 
========================================================================
Received Import Request.
  Time since last request: 0.000033 seconds.
  path: Assets/RPG FOOD PROPS/UNIVERSAL RENDER PIPELINE/Meshs/Plate.fbx
  artifactKey: Guid(a968ab69b7c0bac4a8729a6c1080a167) Importer(815301076,1909f56bfc062723c751e8b465ee728b)
Start importing Assets/RPG FOOD PROPS/UNIVERSAL RENDER PIPELINE/Meshs/Plate.fbx using Guid(a968ab69b7c0bac4a8729a6c1080a167) Importer(815301076,1909f56bfc062723c751e8b465ee728b)  -> (artifact id: '81adb0a45f374032c6e35a1698af33ac') in 0.018404 seconds 
========================================================================
Received Import Request.
  Time since last request: 0.000018 seconds.
  path: Assets/RPG FOOD PROPS/UNIVERSAL RENDER PIPELINE/Materials/WoodenBox1.mat
  artifactKey: Guid(e55e353fcaa8e2e43bb2f8b04f450935) Importer(815301076,1909f56bfc062723c751e8b465ee728b)
Start importing Assets/RPG FOOD PROPS/UNIVERSAL RENDER PIPELINE/Materials/WoodenBox1.mat using Guid(e55e353fcaa8e2e43bb2f8b04f450935) Importer(815301076,1909f56bfc062723c751e8b465ee728b)  -> (artifact id: '08edb6bfe4a8941714dcb62d99da0885') in 0.166165 seconds 
========================================================================
Received Import Request.
  Time since last request: 0.000025 seconds.
  path: Assets/RPG FOOD PROPS/UNIVERSAL RENDER PIPELINE/Meshs/Apple_Collider.fbx
  artifactKey: Guid(62559b3e2eb70d14a81b76ca04f3fea9) Importer(815301076,1909f56bfc062723c751e8b465ee728b)
Start importing Assets/RPG FOOD PROPS/UNIVERSAL RENDER PIPELINE/Meshs/Apple_Collider.fbx using Guid(62559b3e2eb70d14a81b76ca04f3fea9) Importer(815301076,1909f56bfc062723c751e8b465ee728b)  -> (artifact id: '4c5663f7f494b6904a53354b702a6407') in 0.018023 seconds 
========================================================================
Received Import Request.
  Time since last request: 0.000032 seconds.
  path: Assets/RPG FOOD PROPS/UNIVERSAL RENDER PIPELINE/Materials/Orange.mat
  artifactKey: Guid(97427b4e6b7cef141b1fb53c34fb993d) Importer(815301076,1909f56bfc062723c751e8b465ee728b)
Start importing Assets/RPG FOOD PROPS/UNIVERSAL RENDER PIPELINE/Materials/Orange.mat using Guid(97427b4e6b7cef141b1fb53c34fb993d) Importer(815301076,1909f56bfc062723c751e8b465ee728b)  -> (artifact id: 'dcfaf56310ee3b89e110f7127f8fa3dc') in 0.171028 seconds 
========================================================================
Received Import Request.
  Time since last request: 0.000023 seconds.
  path: Assets/RPG FOOD PROPS/UNIVERSAL RENDER PIPELINE/Meshs/Meat2_Collider.fbx
  artifactKey: Guid(88a57553075195945a95155231cfc445) Importer(815301076,1909f56bfc062723c751e8b465ee728b)
Start importing Assets/RPG FOOD PROPS/UNIVERSAL RENDER PIPELINE/Meshs/Meat2_Collider.fbx using Guid(88a57553075195945a95155231cfc445) Importer(815301076,1909f56bfc062723c751e8b465ee728b)  -> (artifact id: '5c440684df93058a485a90c45128b441') in 0.017000 seconds 
========================================================================
Received Import Request.
  Time since last request: 0.000022 seconds.
  path: Assets/RPG FOOD PROPS/UNIVERSAL RENDER PIPELINE/Materials/WoodenBox2.mat
  artifactKey: Guid(af4caa547f0c8a84ba09ce5c95f7d428) Importer(815301076,1909f56bfc062723c751e8b465ee728b)
Start importing Assets/RPG FOOD PROPS/UNIVERSAL RENDER PIPELINE/Materials/WoodenBox2.mat using Guid(af4caa547f0c8a84ba09ce5c95f7d428) Importer(815301076,1909f56bfc062723c751e8b465ee728b)  -> (artifact id: '875f84cf6b6017d6f929d0e64077fdb2') in 0.171037 seconds 
========================================================================
Received Import Request.
  Time since last request: 0.000027 seconds.
  path: Assets/RPG FOOD PROPS/UNIVERSAL RENDER PIPELINE/Meshs/Cheese2_Collider.fbx
  artifactKey: Guid(4a441b688c1e2d0459efa736c95c3160) Importer(815301076,1909f56bfc062723c751e8b465ee728b)
Start importing Assets/RPG FOOD PROPS/UNIVERSAL RENDER PIPELINE/Meshs/Cheese2_Collider.fbx using Guid(4a441b688c1e2d0459efa736c95c3160) Importer(815301076,1909f56bfc062723c751e8b465ee728b)  -> (artifact id: '762b528b4aac0bce48c0e532cd40cc6c') in 0.016942 seconds 
========================================================================
Received Import Request.
  Time since last request: 0.000021 seconds.
  path: Assets/RPG FOOD PROPS/UNIVERSAL RENDER PIPELINE/Meshs/TraderTable_Collider.fbx
  artifactKey: Guid(46e596752febf0345aa33ea6f28e5b91) Importer(815301076,1909f56bfc062723c751e8b465ee728b)
Start importing Assets/RPG FOOD PROPS/UNIVERSAL RENDER PIPELINE/Meshs/TraderTable_Collider.fbx using Guid(46e596752febf0345aa33ea6f28e5b91) Importer(815301076,1909f56bfc062723c751e8b465ee728b)  -> (artifact id: '31c74958aed52e47b8b8b9dd8578e857') in 0.016108 seconds 
========================================================================
Received Import Request.
  Time since last request: 0.000017 seconds.
  path: Assets/RPG FOOD PROPS/UNIVERSAL RENDER PIPELINE/Meshs/Bottle2_Collider.fbx
  artifactKey: Guid(737fc28e1edbc9541acdd6264464801a) Importer(815301076,1909f56bfc062723c751e8b465ee728b)
Start importing Assets/RPG FOOD PROPS/UNIVERSAL RENDER PIPELINE/Meshs/Bottle2_Collider.fbx using Guid(737fc28e1edbc9541acdd6264464801a) Importer(815301076,1909f56bfc062723c751e8b465ee728b)  -> (artifact id: 'b6c9bc5238c83b1df3a6d23382283340') in 0.019552 seconds 
========================================================================
Received Import Request.
  Time since last request: 0.000019 seconds.
  path: Assets/RPG FOOD PROPS/UNIVERSAL RENDER PIPELINE/Meshs/Bread1.fbx
  artifactKey: Guid(02af6f8fae765514ba00e359ae5db3ff) Importer(815301076,1909f56bfc062723c751e8b465ee728b)
Start importing Assets/RPG FOOD PROPS/UNIVERSAL RENDER PIPELINE/Meshs/Bread1.fbx using Guid(02af6f8fae765514ba00e359ae5db3ff) Importer(815301076,1909f56bfc062723c751e8b465ee728b)  -> (artifact id: 'f0a7d0767273c609e32cb7aacae3dc63') in 0.017092 seconds 
========================================================================
Received Import Request.
  Time since last request: 0.000017 seconds.
  path: Assets/RPG FOOD PROPS/UNIVERSAL RENDER PIPELINE/Meshs/Cheese1.fbx
  artifactKey: Guid(7e20196a3b2212e4baa6a2a6437f6115) Importer(815301076,1909f56bfc062723c751e8b465ee728b)
Start importing Assets/RPG FOOD PROPS/UNIVERSAL RENDER PIPELINE/Meshs/Cheese1.fbx using Guid(7e20196a3b2212e4baa6a2a6437f6115) Importer(815301076,1909f56bfc062723c751e8b465ee728b)  -> (artifact id: 'd7e5a8d08752cbf48ee68ff371b8ac31') in 0.015838 seconds 
========================================================================
Received Import Request.
  Time since last request: 0.000019 seconds.
  path: Assets/RPG FOOD PROPS/UNIVERSAL RENDER PIPELINE/Materials/Bread2.mat
  artifactKey: Guid(9ab82ba7403f04d409cf0214295e4758) Importer(815301076,1909f56bfc062723c751e8b465ee728b)
Start importing Assets/RPG FOOD PROPS/UNIVERSAL RENDER PIPELINE/Materials/Bread2.mat using Guid(9ab82ba7403f04d409cf0214295e4758) Importer(815301076,1909f56bfc062723c751e8b465ee728b)  -> (artifact id: 'b1d09277000af23d2532f893348c1c32') in 0.180935 seconds 
========================================================================
Received Import Request.
  Time since last request: 0.000022 seconds.
  path: Assets/RPG FOOD PROPS/UNIVERSAL RENDER PIPELINE/Materials/Sausage.mat
  artifactKey: Guid(952f2aa0df5382a47a8be52376c4efa7) Importer(815301076,1909f56bfc062723c751e8b465ee728b)
Start importing Assets/RPG FOOD PROPS/UNIVERSAL RENDER PIPELINE/Materials/Sausage.mat using Guid(952f2aa0df5382a47a8be52376c4efa7) Importer(815301076,1909f56bfc062723c751e8b465ee728b)  -> (artifact id: '7ddd361db19f749bf0891d3350970463') in 0.180284 seconds 
========================================================================
Received Import Request.
  Time since last request: 0.000034 seconds.
  path: Assets/RPG FOOD PROPS/UNIVERSAL RENDER PIPELINE/Meshs/Tomato.fbx
  artifactKey: Guid(dc1fc8f9127ffea4a8201573c27b0143) Importer(815301076,1909f56bfc062723c751e8b465ee728b)
Start importing Assets/RPG FOOD PROPS/UNIVERSAL RENDER PIPELINE/Meshs/Tomato.fbx using Guid(dc1fc8f9127ffea4a8201573c27b0143) Importer(815301076,1909f56bfc062723c751e8b465ee728b)  -> (artifact id: 'd6b0c5c7709958a90884e6530f60ae51') in 0.018704 seconds 
========================================================================
Received Import Request.
  Time since last request: 0.000022 seconds.
  path: Assets/RPG FOOD PROPS/UNIVERSAL RENDER PIPELINE/Materials/Bread1.mat
  artifactKey: Guid(a86ea28e7dc82434e9b7aac3a343b5c5) Importer(815301076,1909f56bfc062723c751e8b465ee728b)
Start importing Assets/RPG FOOD PROPS/UNIVERSAL RENDER PIPELINE/Materials/Bread1.mat using Guid(a86ea28e7dc82434e9b7aac3a343b5c5) Importer(815301076,1909f56bfc062723c751e8b465ee728b)  -> (artifact id: 'd86df102cff349894a94aeb42e135bf7') in 0.177621 seconds 
========================================================================
Received Import Request.
  Time since last request: 23.283889 seconds.
  path: Assets/RPG FOOD PROPS/UNIVERSAL RENDER PIPELINE/Textures/Apple_DefaultMaterial_MetallicSmoothness.png
  artifactKey: Guid(79566785c96656f42b91aaacd05ded7a) Importer(815301076,1909f56bfc062723c751e8b465ee728b)
Start importing Assets/RPG FOOD PROPS/UNIVERSAL RENDER PIPELINE/Textures/Apple_DefaultMaterial_MetallicSmoothness.png using Guid(79566785c96656f42b91aaacd05ded7a) Importer(815301076,1909f56bfc062723c751e8b465ee728b)  -> (artifact id: 'b0eac3bf22a07f69551d7c6af884ef7c') in 0.091112 seconds 
========================================================================
Received Import Request.
  Time since last request: 0.000031 seconds.
  path: Assets/RPG FOOD PROPS/UNIVERSAL RENDER PIPELINE/Textures/Cheese2_DefaultMaterial_AO.png
  artifactKey: Guid(d517f709e909cbc409f5914374cdb1b4) Importer(815301076,1909f56bfc062723c751e8b465ee728b)
Start importing Assets/RPG FOOD PROPS/UNIVERSAL RENDER PIPELINE/Textures/Cheese2_DefaultMaterial_AO.png using Guid(d517f709e909cbc409f5914374cdb1b4) Importer(815301076,1909f56bfc062723c751e8b465ee728b)  -> (artifact id: '16de3aced0a3af7ab8ed9804c832deb3') in 0.054807 seconds 
========================================================================
Received Import Request.
  Time since last request: 0.000025 seconds.
  path: Assets/RPG FOOD PROPS/UNIVERSAL RENDER PIPELINE/Textures/Cheese1_DefaultMaterial_AlbedoTransparency.png
  artifactKey: Guid(b9f957a54d654a24392d9170392bbbbe) Importer(815301076,1909f56bfc062723c751e8b465ee728b)
Start importing Assets/RPG FOOD PROPS/UNIVERSAL RENDER PIPELINE/Textures/Cheese1_DefaultMaterial_AlbedoTransparency.png using Guid(b9f957a54d654a24392d9170392bbbbe) Importer(815301076,1909f56bfc062723c751e8b465ee728b)  -> (artifact id: 'fbfa7598d10cf4f6d09763f7acf7e1ee') in 0.052682 seconds 
========================================================================
Received Import Request.
  Time since last request: 0.000029 seconds.
  path: Assets/RPG FOOD PROPS/UNIVERSAL RENDER PIPELINE/Textures/Sausage_DefaultMaterial_AlbedoTransparency.png
  artifactKey: Guid(00b1a30b89e9844439a331618be6f4b9) Importer(815301076,1909f56bfc062723c751e8b465ee728b)
Start importing Assets/RPG FOOD PROPS/UNIVERSAL RENDER PIPELINE/Textures/Sausage_DefaultMaterial_AlbedoTransparency.png using Guid(00b1a30b89e9844439a331618be6f4b9) Importer(815301076,1909f56bfc062723c751e8b465ee728b)  -> (artifact id: '35c9b8b2ff1f28dff14d729a37e17503') in 0.052990 seconds 
========================================================================
Received Import Request.
  Time since last request: 0.000021 seconds.
  path: Assets/RPG FOOD PROPS/UNIVERSAL RENDER PIPELINE/Textures/Bottle2_DefaultMaterial_MetallicSmoothness.png
  artifactKey: Guid(b4337c54761d7194a94929ba99674eec) Importer(815301076,1909f56bfc062723c751e8b465ee728b)
Start importing Assets/RPG FOOD PROPS/UNIVERSAL RENDER PIPELINE/Textures/Bottle2_DefaultMaterial_MetallicSmoothness.png using Guid(b4337c54761d7194a94929ba99674eec) Importer(815301076,1909f56bfc062723c751e8b465ee728b)  -> (artifact id: '60c18186cdc014019d14321a74ca048b') in 0.062924 seconds 
========================================================================
Received Import Request.
  Time since last request: 0.000021 seconds.
  path: Assets/RPG FOOD PROPS/UNIVERSAL RENDER PIPELINE/Textures/Orange_DefaultMaterial_MetallicSmoothness.png
  artifactKey: Guid(179bdb24ffef317478aa3eeb06802e11) Importer(815301076,1909f56bfc062723c751e8b465ee728b)
Start importing Assets/RPG FOOD PROPS/UNIVERSAL RENDER PIPELINE/Textures/Orange_DefaultMaterial_MetallicSmoothness.png using Guid(179bdb24ffef317478aa3eeb06802e11) Importer(815301076,1909f56bfc062723c751e8b465ee728b)  -> (artifact id: '806a9e368e239e19371391dd0a37e078') in 0.067708 seconds 
========================================================================
Received Import Request.
  Time since last request: 0.000027 seconds.
  path: Assets/RPG FOOD PROPS/UNIVERSAL RENDER PIPELINE/Textures/Bread2_DefaultMaterial_AlbedoTransparency.png
  artifactKey: Guid(71b0898ae12b1004fa4dac57209f290a) Importer(815301076,1909f56bfc062723c751e8b465ee728b)
Start importing Assets/RPG FOOD PROPS/UNIVERSAL RENDER PIPELINE/Textures/Bread2_DefaultMaterial_AlbedoTransparency.png using Guid(71b0898ae12b1004fa4dac57209f290a) Importer(815301076,1909f56bfc062723c751e8b465ee728b)  -> (artifact id: '20363f41032400261fb57f94aba7aca5') in 0.055270 seconds 
========================================================================
Received Import Request.
  Time since last request: 0.000036 seconds.
  path: Assets/RPG FOOD PROPS/UNIVERSAL RENDER PIPELINE/Textures/Plate_DefaultMaterial_Normal.png
  artifactKey: Guid(38f42a8ffd4b8e04cacf66470f9fbedc) Importer(815301076,1909f56bfc062723c751e8b465ee728b)
Start importing Assets/RPG FOOD PROPS/UNIVERSAL RENDER PIPELINE/Textures/Plate_DefaultMaterial_Normal.png using Guid(38f42a8ffd4b8e04cacf66470f9fbedc) Importer(815301076,1909f56bfc062723c751e8b465ee728b)  -> (artifact id: 'f27be307b6f99697e6c741686f22f174') in 0.065665 seconds 
========================================================================
Received Import Request.
  Time since last request: 0.000017 seconds.
  path: Assets/RPG FOOD PROPS/UNIVERSAL RENDER PIPELINE/Textures/Sausage_DefaultMaterial_AO.png
  artifactKey: Guid(03ca0a01df6d9d54eaf84a3fd9a43c3f) Importer(815301076,1909f56bfc062723c751e8b465ee728b)
Start importing Assets/RPG FOOD PROPS/UNIVERSAL RENDER PIPELINE/Textures/Sausage_DefaultMaterial_AO.png using Guid(03ca0a01df6d9d54eaf84a3fd9a43c3f) Importer(815301076,1909f56bfc062723c751e8b465ee728b)  -> (artifact id: 'f404019c2489eb9c22e158a6cbf45e60') in 0.054178 seconds 
========================================================================
Received Import Request.
  Time since last request: 0.000017 seconds.
  path: Assets/RPG FOOD PROPS/UNIVERSAL RENDER PIPELINE/Textures/Meat1_DefaultMaterial_AlbedoTransparency.png
  artifactKey: Guid(b1cc78dbdedc0e04bb18f368bcaaf1b3) Importer(815301076,1909f56bfc062723c751e8b465ee728b)
Start importing Assets/RPG FOOD PROPS/UNIVERSAL RENDER PIPELINE/Textures/Meat1_DefaultMaterial_AlbedoTransparency.png using Guid(b1cc78dbdedc0e04bb18f368bcaaf1b3) Importer(815301076,1909f56bfc062723c751e8b465ee728b)  -> (artifact id: '7787aa99a173bee238b8d20b7744b9fc') in 0.061322 seconds 
========================================================================
Received Import Request.
  Time since last request: 0.000019 seconds.
  path: Assets/RPG FOOD PROPS/UNIVERSAL RENDER PIPELINE/Textures/Plate_DefaultMaterial_AlbedoTransparency.png
  artifactKey: Guid(65a180ac1eea57748ad9b4b2971f28fb) Importer(815301076,1909f56bfc062723c751e8b465ee728b)
Start importing Assets/RPG FOOD PROPS/UNIVERSAL RENDER PIPELINE/Textures/Plate_DefaultMaterial_AlbedoTransparency.png using Guid(65a180ac1eea57748ad9b4b2971f28fb) Importer(815301076,1909f56bfc062723c751e8b465ee728b)  -> (artifact id: 'a0af538a817b718c84ad7c3501b89d11') in 0.053013 seconds 
========================================================================
Received Import Request.
  Time since last request: 0.000043 seconds.
  path: Assets/RPG FOOD PROPS/UNIVERSAL RENDER PIPELINE/Textures/Bread2_DefaultMaterial_AO.png
  artifactKey: Guid(175894c60b3e9fd4ca294bde68921dfb) Importer(815301076,1909f56bfc062723c751e8b465ee728b)
Start importing Assets/RPG FOOD PROPS/UNIVERSAL RENDER PIPELINE/Textures/Bread2_DefaultMaterial_AO.png using Guid(175894c60b3e9fd4ca294bde68921dfb) Importer(815301076,1909f56bfc062723c751e8b465ee728b)  -> (artifact id: '8fc1841b3d03a9980af92300750d5c2b') in 0.059217 seconds 
========================================================================
Received Import Request.
  Time since last request: 0.000039 seconds.
  path: Assets/RPG FOOD PROPS/UNIVERSAL RENDER PIPELINE/Textures/Tomato_DefaultMaterial_Normal.png
  artifactKey: Guid(8993199859b43c94691b835b5e4fcd7f) Importer(815301076,1909f56bfc062723c751e8b465ee728b)
Start importing Assets/RPG FOOD PROPS/UNIVERSAL RENDER PIPELINE/Textures/Tomato_DefaultMaterial_Normal.png using Guid(8993199859b43c94691b835b5e4fcd7f) Importer(815301076,1909f56bfc062723c751e8b465ee728b)  -> (artifact id: 'a84c1ea93ae111ffd53e8bcd8d5875d8') in 0.059002 seconds 
========================================================================
Received Import Request.
  Time since last request: 0.000021 seconds.
  path: Assets/RPG FOOD PROPS/UNIVERSAL RENDER PIPELINE/Textures/Pumpkin_DefaultMaterial_MetallicSmoothness.png
  artifactKey: Guid(91c7deb1775959846a6c176a87f31808) Importer(815301076,1909f56bfc062723c751e8b465ee728b)
Start importing Assets/RPG FOOD PROPS/UNIVERSAL RENDER PIPELINE/Textures/Pumpkin_DefaultMaterial_MetallicSmoothness.png using Guid(91c7deb1775959846a6c176a87f31808) Importer(815301076,1909f56bfc062723c751e8b465ee728b)  -> (artifact id: '84d6ce348fe602d0a5f7d1ebf87086db') in 0.066888 seconds 
========================================================================
Received Import Request.
  Time since last request: 0.000024 seconds.
  path: Assets/RPG FOOD PROPS/UNIVERSAL RENDER PIPELINE/Textures/Meat2_DefaultMaterial_AlbedoTransparency.png
  artifactKey: Guid(bbb5d7942741d964a9e9fdeaad34910c) Importer(815301076,1909f56bfc062723c751e8b465ee728b)
Start importing Assets/RPG FOOD PROPS/UNIVERSAL RENDER PIPELINE/Textures/Meat2_DefaultMaterial_AlbedoTransparency.png using Guid(bbb5d7942741d964a9e9fdeaad34910c) Importer(815301076,1909f56bfc062723c751e8b465ee728b)  -> (artifact id: '65b071d64c0adf6aaee60158f68ad052') in 0.056133 seconds 
========================================================================
Received Import Request.
  Time since last request: 1.128983 seconds.
  path: Assets/RPG FOOD PROPS/UNIVERSAL RENDER PIPELINE/Textures/TraderTable_DefaultMaterial_Normal.png
  artifactKey: Guid(4c8d3cb96a6ed694fa0d4116e5f3c9ae) Importer(815301076,1909f56bfc062723c751e8b465ee728b)
Start importing Assets/RPG FOOD PROPS/UNIVERSAL RENDER PIPELINE/Textures/TraderTable_DefaultMaterial_Normal.png using Guid(4c8d3cb96a6ed694fa0d4116e5f3c9ae) Importer(815301076,1909f56bfc062723c751e8b465ee728b)  -> (artifact id: '9eadc63fd7cac905b78c0b1f7737c1cc') in 0.052870 seconds 
========================================================================
Received Import Request.
  Time since last request: 0.000030 seconds.
  path: Assets/RPG FOOD PROPS/UNIVERSAL RENDER PIPELINE/Textures/TraderTent_DefaultMaterial_Normal.png
  artifactKey: Guid(c9796f0d5e7232c4e9a8a7afc4fa2584) Importer(815301076,1909f56bfc062723c751e8b465ee728b)
Start importing Assets/RPG FOOD PROPS/UNIVERSAL RENDER PIPELINE/Textures/TraderTent_DefaultMaterial_Normal.png using Guid(c9796f0d5e7232c4e9a8a7afc4fa2584) Importer(815301076,1909f56bfc062723c751e8b465ee728b)  -> (artifact id: 'f442b5f3753185111e0aa2b94fecd03d') in 0.061870 seconds 
========================================================================
Received Import Request.
  Time since last request: 0.000022 seconds.
  path: Assets/RPG FOOD PROPS/UNIVERSAL RENDER PIPELINE/Textures/Watermelon_DefaultMaterial_MetallicSmoothness.png
  artifactKey: Guid(3a3e7b058ece6cf49a7032577d4e9fd1) Importer(815301076,1909f56bfc062723c751e8b465ee728b)
Start importing Assets/RPG FOOD PROPS/UNIVERSAL RENDER PIPELINE/Textures/Watermelon_DefaultMaterial_MetallicSmoothness.png using Guid(3a3e7b058ece6cf49a7032577d4e9fd1) Importer(815301076,1909f56bfc062723c751e8b465ee728b)  -> (artifact id: '659fb716e4c5562b2cb7e47d30826521') in 0.061916 seconds 
========================================================================
Received Import Request.
  Time since last request: 0.900976 seconds.
  path: Assets/RPG FOOD PROPS/UNIVERSAL RENDER PIPELINE/Textures/WoodenBox2_DefaultMaterial_AO.png
  artifactKey: Guid(99272360a8dc7f9489acb48ab924eb91) Importer(815301076,1909f56bfc062723c751e8b465ee728b)
Start importing Assets/RPG FOOD PROPS/UNIVERSAL RENDER PIPELINE/Textures/WoodenBox2_DefaultMaterial_AO.png using Guid(99272360a8dc7f9489acb48ab924eb91) Importer(815301076,1909f56bfc062723c751e8b465ee728b)  -> (artifact id: '4c79abe853e3ced0968e5812866bbc84') in 0.057818 seconds 
========================================================================
Received Import Request.
  Time since last request: 26.270620 seconds.
  path: Assets/RPG FOOD PROPS/HD RENDER PIPELINE/Meshs/Apple.fbx
  artifactKey: Guid(0e01b29fad0522746a2d4d4808f72d99) Importer(815301076,1909f56bfc062723c751e8b465ee728b)
Start importing Assets/RPG FOOD PROPS/HD RENDER PIPELINE/Meshs/Apple.fbx using Guid(0e01b29fad0522746a2d4d4808f72d99) Importer(815301076,1909f56bfc062723c751e8b465ee728b)  -> (artifact id: '6579bbd92759fb4ca03abd28bdf90f9f') in 0.017779 seconds 
========================================================================
Received Import Request.
  Time since last request: 0.000018 seconds.
  path: Assets/RPG FOOD PROPS/HD RENDER PIPELINE/Textures/Apple_DefaultMaterial_BaseMap.png
  artifactKey: Guid(9edc83c1a7c05f544b95e79b6d23d8df) Importer(815301076,1909f56bfc062723c751e8b465ee728b)
Start importing Assets/RPG FOOD PROPS/HD RENDER PIPELINE/Textures/Apple_DefaultMaterial_BaseMap.png using Guid(9edc83c1a7c05f544b95e79b6d23d8df) Importer(815301076,1909f56bfc062723c751e8b465ee728b)  -> (artifact id: '27d053692f2ab9f60a58c76d28a71409') in 0.053889 seconds 
========================================================================
Received Import Request.
  Time since last request: 0.000021 seconds.
  path: Assets/RPG FOOD PROPS/HD RENDER PIPELINE/Textures/Apple_DefaultMaterial_MaskMap.png
  artifactKey: Guid(08d85fa85e9a615459d4a82cc2b0f6ec) Importer(815301076,1909f56bfc062723c751e8b465ee728b)
Start importing Assets/RPG FOOD PROPS/HD RENDER PIPELINE/Textures/Apple_DefaultMaterial_MaskMap.png using Guid(08d85fa85e9a615459d4a82cc2b0f6ec) Importer(815301076,1909f56bfc062723c751e8b465ee728b)  -> (artifact id: '9b85eb048a10dd33a747052f36118d00') in 0.072510 seconds 
========================================================================
Received Import Request.
  Time since last request: 9.235815 seconds.
  path: Assets/SteamVR/Models/Materials/AlienHand_Normal.png
  artifactKey: Guid(c895ac09c5f562b4798e88828f61e812) Importer(815301076,1909f56bfc062723c751e8b465ee728b)
Start importing Assets/SteamVR/Models/Materials/AlienHand_Normal.png using Guid(c895ac09c5f562b4798e88828f61e812) Importer(815301076,1909f56bfc062723c751e8b465ee728b)  -> (artifact id: '1835a0fa5145263b41f1e55eada338c0') in 0.028769 seconds 
========================================================================
Received Import Request.
  Time since last request: 0.000025 seconds.
  path: Assets/Samples/XR Interaction Toolkit/2.3.2/Starter Assets/Prefabs/Teleport/Directional Teleport Reticle.prefab
  artifactKey: Guid(893219773891c784ab469a39151879b4) Importer(815301076,1909f56bfc062723c751e8b465ee728b)
Start importing Assets/Samples/XR Interaction Toolkit/2.3.2/Starter Assets/Prefabs/Teleport/Directional Teleport Reticle.prefab using Guid(893219773891c784ab469a39151879b4) Importer(815301076,1909f56bfc062723c751e8b465ee728b)  -> (artifact id: 'bd6d1fce0d9dbd149f5ff1f39335f9f8') in 0.016435 seconds 
========================================================================
Received Import Request.
  Time since last request: 0.000020 seconds.
  path: Assets/SteamVR/InteractionSystem/Samples/BuggyBuddy/Textures/controlerbuggy_LO_BuggyController_Normal.png
  artifactKey: Guid(d66d01bd1e0702a4bbfa207820fb2fb1) Importer(815301076,1909f56bfc062723c751e8b465ee728b)
Start importing Assets/SteamVR/InteractionSystem/Samples/BuggyBuddy/Textures/controlerbuggy_LO_BuggyController_Normal.png using Guid(d66d01bd1e0702a4bbfa207820fb2fb1) Importer(815301076,1909f56bfc062723c751e8b465ee728b)  -> (artifact id: 'b5807497210ec4e9f22b7e1863b8c14f') in 0.027543 seconds 
========================================================================
Received Import Request.
  Time since last request: 0.000025 seconds.
  path: Assets/Samples/XR Interaction Toolkit/2.3.2/Starter Assets/Prefabs/Complete Teleport Area Set Up.prefab
  artifactKey: Guid(3e07eccb5e6f459d886de95044adb1d9) Importer(815301076,1909f56bfc062723c751e8b465ee728b)
Start importing Assets/Samples/XR Interaction Toolkit/2.3.2/Starter Assets/Prefabs/Complete Teleport Area Set Up.prefab using Guid(3e07eccb5e6f459d886de95044adb1d9) Importer(815301076,1909f56bfc062723c751e8b465ee728b)  -> (artifact id: '85156092a0c9162bd131d228468a606e') in 0.043785 seconds 
========================================================================
Received Import Request.
  Time since last request: 0.000025 seconds.
  path: Assets/RPG FOOD PROPS/HD RENDER PIPELINE/Textures/Cheese2_DefaultMaterial_Normal.png
  artifactKey: Guid(f349887e367665340ac93ee99d0b819b) Importer(815301076,1909f56bfc062723c751e8b465ee728b)
Start importing Assets/RPG FOOD PROPS/HD RENDER PIPELINE/Textures/Cheese2_DefaultMaterial_Normal.png using Guid(f349887e367665340ac93ee99d0b819b) Importer(815301076,1909f56bfc062723c751e8b465ee728b)  -> (artifact id: '8f9d6a3a9b10494b1fe354f75f6e3e20') in 0.058076 seconds 
========================================================================
Received Import Request.
  Time since last request: 0.000020 seconds.
  path: Assets/RPG FOOD PROPS/HD RENDER PIPELINE/Textures/Bread2_DefaultMaterial_Normal.png
  artifactKey: Guid(88edc9b6130c18843a45153886336e24) Importer(815301076,1909f56bfc062723c751e8b465ee728b)
Start importing Assets/RPG FOOD PROPS/HD RENDER PIPELINE/Textures/Bread2_DefaultMaterial_Normal.png using Guid(88edc9b6130c18843a45153886336e24) Importer(815301076,1909f56bfc062723c751e8b465ee728b)  -> (artifact id: '41e3b41daf5f1037d772ce4df7f064a8') in 0.058941 seconds 
========================================================================
Received Import Request.
  Time since last request: 3.114510 seconds.
  path: Assets/RPG FOOD PROPS/HD RENDER PIPELINE/Materials/Orange.mat
  artifactKey: Guid(74e10bfd8ea6bd147aefe3c27c4d0902) Importer(815301076,1909f56bfc062723c751e8b465ee728b)
Start importing Assets/RPG FOOD PROPS/HD RENDER PIPELINE/Materials/Orange.mat using Guid(74e10bfd8ea6bd147aefe3c27c4d0902) Importer(815301076,1909f56bfc062723c751e8b465ee728b)  -> (artifact id: 'b99f1894ba76fdbb8c6bd93f6a32f1e4') in 0.143434 seconds 
========================================================================
Received Import Request.
  Time since last request: 0.000018 seconds.
  path: Assets/RPG FOOD PROPS/HD RENDER PIPELINE/Prefabs/WoodenBox1 Orange.prefab
  artifactKey: Guid(11055660c3286744fb6810622062c807) Importer(815301076,1909f56bfc062723c751e8b465ee728b)
Start importing Assets/RPG FOOD PROPS/HD RENDER PIPELINE/Prefabs/WoodenBox1 Orange.prefab using Guid(11055660c3286744fb6810622062c807) Importer(815301076,1909f56bfc062723c751e8b465ee728b)  -> (artifact id: '9888377fb053a3756b71fb8059ad2fc0') in 0.252202 seconds 
========================================================================
Received Import Request.
  Time since last request: 73.586996 seconds.
  path: Assets/SteamVR/InteractionSystem/Samples/JoeJeff/Animation/HumanoidIdleJumpUp.fbx
  artifactKey: Guid(0d9d26e2162aa4d11ab075b34c029673) Importer(815301076,1909f56bfc062723c751e8b465ee728b)
Start importing Assets/SteamVR/InteractionSystem/Samples/JoeJeff/Animation/HumanoidIdleJumpUp.fbx using Guid(0d9d26e2162aa4d11ab075b34c029673) Importer(815301076,1909f56bfc062723c751e8b465ee728b)  -> (artifact id: 'd7e369b492dcfdff1dadff3fe9e9f25b') in 0.015261 seconds 
========================================================================
Received Import Request.
  Time since last request: 0.000028 seconds.
  path: Assets/Pure Poly/Free Low Poly Nature Pack/Prefabs/PP_Mushroom_Fantasy_Purple_05.prefab
  artifactKey: Guid(d354c41a99993964baca0254487708d1) Importer(815301076,1909f56bfc062723c751e8b465ee728b)
Start importing Assets/Pure Poly/Free Low Poly Nature Pack/Prefabs/PP_Mushroom_Fantasy_Purple_05.prefab using Guid(d354c41a99993964baca0254487708d1) Importer(815301076,1909f56bfc062723c751e8b465ee728b)  -> (artifact id: 'c36aa780ae93b5649f9c07b984498aff') in 0.019599 seconds 
========================================================================
Received Import Request.
  Time since last request: 0.000037 seconds.
  path: Assets/RPG FOOD PROPS/HD RENDER PIPELINE/Prefabs/Pumpkin.prefab
  artifactKey: Guid(2def7358f0aa9284488d56e5778e7a5b) Importer(815301076,1909f56bfc062723c751e8b465ee728b)
Start importing Assets/RPG FOOD PROPS/HD RENDER PIPELINE/Prefabs/Pumpkin.prefab using Guid(2def7358f0aa9284488d56e5778e7a5b) Importer(815301076,1909f56bfc062723c751e8b465ee728b)  -> (artifact id: 'e89d8d5e7e725e04bd12bbf26d7aed1d') in 0.141341 seconds 
========================================================================
Received Import Request.
  Time since last request: 0.000023 seconds.
  path: Assets/RPG FOOD PROPS/HD RENDER PIPELINE/Meshs/Pumpkin_Collider.fbx
  artifactKey: Guid(6920ba183abf364429878b4a970b1e1b) Importer(815301076,1909f56bfc062723c751e8b465ee728b)
Start importing Assets/RPG FOOD PROPS/HD RENDER PIPELINE/Meshs/Pumpkin_Collider.fbx using Guid(6920ba183abf364429878b4a970b1e1b) Importer(815301076,1909f56bfc062723c751e8b465ee728b)  -> (artifact id: '1c5798d0461b55197d67c806150a0587') in 0.022960 seconds 
========================================================================
Received Import Request.
  Time since last request: 0.000018 seconds.
  path: Assets/RPG FOOD PROPS/HD RENDER PIPELINE/Meshs/Pumpkin.fbx
  artifactKey: Guid(2dce7b3b69e93b4459d68c1e0ba7a3fc) Importer(815301076,1909f56bfc062723c751e8b465ee728b)
Start importing Assets/RPG FOOD PROPS/HD RENDER PIPELINE/Meshs/Pumpkin.fbx using Guid(2dce7b3b69e93b4459d68c1e0ba7a3fc) Importer(815301076,1909f56bfc062723c751e8b465ee728b)  -> (artifact id: 'e4cf34a66e4e85a19f22af4a095c8aed') in 0.016484 seconds 
========================================================================
Received Import Request.
  Time since last request: 0.000034 seconds.
  path: Assets/Pure Poly/Free Low Poly Nature Pack/Meshes/PP_Mushroom_Fantasy_Purple_08.fbx
  artifactKey: Guid(6aac2ae04e9a93646918391471e1a564) Importer(815301076,1909f56bfc062723c751e8b465ee728b)
Start importing Assets/Pure Poly/Free Low Poly Nature Pack/Meshes/PP_Mushroom_Fantasy_Purple_08.fbx using Guid(6aac2ae04e9a93646918391471e1a564) Importer(815301076,1909f56bfc062723c751e8b465ee728b)  -> (artifact id: '3a3a2b574a63091894020a4c18c64eaf') in 0.019246 seconds 
========================================================================
Received Import Request.
  Time since last request: 0.000037 seconds.
  path: Assets/Pure Poly/Free Low Poly Nature Pack/Prefabs/PP_Mushroom_Fantasy_Purple_08.prefab
  artifactKey: Guid(d3ee913ed32937344b0587e70dc777a2) Importer(815301076,1909f56bfc062723c751e8b465ee728b)
Start importing Assets/Pure Poly/Free Low Poly Nature Pack/Prefabs/PP_Mushroom_Fantasy_Purple_08.prefab using Guid(d3ee913ed32937344b0587e70dc777a2) Importer(815301076,1909f56bfc062723c751e8b465ee728b)  -> (artifact id: '3609c82865007cba33239c5e625c0d21') in 0.013547 seconds 
========================================================================
Received Import Request.
  Time since last request: 0.104248 seconds.
  path: Assets/RPG FOOD PROPS/HD RENDER PIPELINE/Textures/Pumpkin_DefaultMaterial_Normal.png
  artifactKey: Guid(98718ba615d232b40a3446932224b68c) Importer(815301076,1909f56bfc062723c751e8b465ee728b)
Start importing Assets/RPG FOOD PROPS/HD RENDER PIPELINE/Textures/Pumpkin_DefaultMaterial_Normal.png using Guid(98718ba615d232b40a3446932224b68c) Importer(815301076,1909f56bfc062723c751e8b465ee728b)  -> (artifact id: '692554803d6ed9a09eeefe062218ec21') in 0.054048 seconds 
========================================================================
Received Import Request.
  Time since last request: 0.000027 seconds.
  path: Assets/RPG FOOD PROPS/HD RENDER PIPELINE/Prefabs/WoodenBox2 Pumpkin.prefab
  artifactKey: Guid(b21bef0ca56632c4fbb308fadb616269) Importer(815301076,1909f56bfc062723c751e8b465ee728b)
Start importing Assets/RPG FOOD PROPS/HD RENDER PIPELINE/Prefabs/WoodenBox2 Pumpkin.prefab using Guid(b21bef0ca56632c4fbb308fadb616269) Importer(815301076,1909f56bfc062723c751e8b465ee728b)  -> (artifact id: '8346ceda580c2dcf5775e9d114be44f1') in 0.257338 seconds 
Editor requested this worker to shutdown with reason: Scaling down because of idle timeout
AssetImportWorker is now disconnected from the server
Process exiting
Exiting without the bug reporter. Application will terminate with return code 0