Using pre-set license
Built from '2021.3/staging' branch; Version is '2021.3.26f1 (a16dc32e0ff2) revision 10579395'; Using compiler version '192829333'; Build Type 'Release'
OS: 'Windows 10  (10.0.19045) 64bit Core' Language: 'en' Physical Memory: 32692 MB
BatchMode: 1, IsHumanControllingUs: 0, StartBugReporterOnCrash: 0, Is64bit: 1, IsPro: 1

COMMAND LINE ARGUMENTS:
C:\Program Files\Unity\Hub\Editor\2021.3.26f1\Editor\Unity.exe
-adb2
-batchMode
-noUpm
-name
AssetImportWorker0
-projectPath
C:/Users/pugsl/source/repos/alley-activation-VR/Alley Activation
-logFile
Logs/AssetImportWorker0.log
-srvPort
62046
Successfully changed project path to: C:/Users/pugsl/source/repos/alley-activation-VR/Alley Activation
C:/Users/pugsl/source/repos/alley-activation-VR/Alley Activation
[UnityMemory] Configuration Parameters - Can be set up in boot.config
    "memorysetup-bucket-allocator-granularity=16"
    "memorysetup-bucket-allocator-bucket-count=8"
    "memorysetup-bucket-allocator-block-size=33554432"
    "memorysetup-bucket-allocator-block-count=8"
    "memorysetup-main-allocator-block-size=16777216"
    "memorysetup-thread-allocator-block-size=16777216"
    "memorysetup-gfx-main-allocator-block-size=16777216"
    "memorysetup-gfx-thread-allocator-block-size=16777216"
    "memorysetup-cache-allocator-block-size=4194304"
    "memorysetup-typetree-allocator-block-size=2097152"
    "memorysetup-profiler-bucket-allocator-granularity=16"
    "memorysetup-profiler-bucket-allocator-bucket-count=8"
    "memorysetup-profiler-bucket-allocator-block-size=33554432"
    "memorysetup-profiler-bucket-allocator-block-count=8"
    "memorysetup-profiler-allocator-block-size=16777216"
    "memorysetup-profiler-editor-allocator-block-size=1048576"
    "memorysetup-temp-allocator-size-main=16777216"
    "memorysetup-job-temp-allocator-block-size=2097152"
    "memorysetup-job-temp-allocator-block-size-background=1048576"
    "memorysetup-job-temp-allocator-reduction-small-platforms=262144"
    "memorysetup-temp-allocator-size-background-worker=32768"
    "memorysetup-temp-allocator-size-job-worker=262144"
    "memorysetup-temp-allocator-size-preload-manager=33554432"
    "memorysetup-temp-allocator-size-nav-mesh-worker=65536"
    "memorysetup-temp-allocator-size-audio-worker=65536"
    "memorysetup-temp-allocator-size-cloud-worker=32768"
    "memorysetup-temp-allocator-size-gi-baking-worker=262144"
    "memorysetup-temp-allocator-size-gfx=262144"
Player connection [44044] Host "[IP] 192.168.1.72 [Port] 0 [Flags] 2 [Guid] 1900303230 [EditorId] 1900303230 [Version] 1048832 [Id] WindowsEditor(7,TheCoalMines) [Debug] 1 [PackageName] WindowsEditor [ProjectName] Editor" joined multi-casting on [225.0.0.222:54997]...

Player connection [44044] Host "[IP] 192.168.1.72 [Port] 0 [Flags] 2 [Guid] 1900303230 [EditorId] 1900303230 [Version] 1048832 [Id] WindowsEditor(7,TheCoalMines) [Debug] 1 [PackageName] WindowsEditor [ProjectName] Editor" joined alternative multi-casting on [225.0.0.222:34997]...

Refreshing native plugins compatible for Editor in 111.13 ms, found 15 plugins.
Preloading 1 native plugins for Editor in 0.56 ms.
Initialize engine version: 2021.3.26f1 (a16dc32e0ff2)
[Subsystems] Discovering subsystems at path C:/Program Files/Unity/Hub/Editor/2021.3.26f1/Editor/Data/Resources/UnitySubsystems
[Subsystems] Discovering subsystems at path C:/Users/pugsl/source/repos/alley-activation-VR/Alley Activation/Assets
GfxDevice: creating device client; threaded=0; jobified=0
Direct3D:
    Version:  Direct3D 11.0 [level 11.1]
    Renderer: Radeon RX Vega (ID=0x687f)
    Vendor:   ATI
    VRAM:     8119 MB
    Driver:   31.0.14057.5006
Initialize mono
Mono path[0] = 'C:/Program Files/Unity/Hub/Editor/2021.3.26f1/Editor/Data/Managed'
Mono path[1] = 'C:/Program Files/Unity/Hub/Editor/2021.3.26f1/Editor/Data/MonoBleedingEdge/lib/mono/unityjit-win32'
Mono config path = 'C:/Program Files/Unity/Hub/Editor/2021.3.26f1/Editor/Data/MonoBleedingEdge/etc'
Using monoOptions --debugger-agent=transport=dt_socket,embedding=1,server=y,suspend=n,address=127.0.0.1:56864
Begin MonoManager ReloadAssembly
Registering precompiled unity dll's ...
Register platform support module: C:/Program Files/Unity/Hub/Editor/2021.3.26f1/Editor/Data/PlaybackEngines/AndroidPlayer/UnityEditor.Android.Extensions.dll
Register platform support module: C:/Program Files/Unity/Hub/Editor/2021.3.26f1/Editor/Data/PlaybackEngines/WindowsStandaloneSupport/UnityEditor.WindowsStandalone.Extensions.dll
Registered in 0.008404 seconds.
Native extension for WindowsStandalone target not found
Native extension for Android target not found
Android Extension - Scanning For ADB Devices 255 ms
Refreshing native plugins compatible for Editor in 95.75 ms, found 15 plugins.
Preloading 1 native plugins for Editor in 0.13 ms.
Mono: successfully reloaded assembly
- Completed reload, in  0.883 seconds
Domain Reload Profiling:
	ReloadAssembly (883ms)
		BeginReloadAssembly (85ms)
			ExecutionOrderSort (0ms)
			DisableScriptedObjects (0ms)
			BackupInstance (0ms)
			ReleaseScriptingObjects (0ms)
			CreateAndSetChildDomain (1ms)
		EndReloadAssembly (705ms)
			LoadAssemblies (81ms)
			RebuildTransferFunctionScriptingTraits (0ms)
			SetupTypeCache (94ms)
			ReleaseScriptCaches (0ms)
			RebuildScriptCaches (21ms)
			SetupLoadedEditorAssemblies (544ms)
				LogAssemblyErrors (0ms)
				InitializePlatformSupportModulesInManaged (345ms)
				SetLoadedEditorAssemblies (0ms)
				RefreshPlugins (96ms)
				BeforeProcessingInitializeOnLoad (1ms)
				ProcessInitializeOnLoadAttributes (68ms)
				ProcessInitializeOnLoadMethodAttributes (34ms)
				AfterProcessingInitializeOnLoad (0ms)
				EditorAssembliesLoaded (0ms)
			ExecutionOrderSort2 (0ms)
			AwakeInstancesAfterBackupRestoration (0ms)
Platform modules already initialized, skipping
Registering precompiled user dll's ...
Registered in 0.011678 seconds.
Begin MonoManager ReloadAssembly
Symbol file LoadedFromMemory doesn't match image C:\Users\pugsl\source\repos\alley-activation-VR\Alley Activation\Library\PackageCache\com.unity.visualscripting@1.8.0\Editor\VisualScripting.Core\Dependencies\DotNetZip\Unity.VisualScripting.IonicZip.dll
Symbol file LoadedFromMemory doesn't match image C:\Users\pugsl\source\repos\alley-activation-VR\Alley Activation\Library\PackageCache\com.unity.visualscripting@1.8.0\Editor\VisualScripting.Core\Dependencies\YamlDotNet\Unity.VisualScripting.YamlDotNet.dll
Native extension for WindowsStandalone target not found
Native extension for Android target not found
Refreshing native plugins compatible for Editor in 97.39 ms, found 15 plugins.
Preloading 1 native plugins for Editor in 0.10 ms.
Package Manager log level set to [2]
System.Reflection.TargetInvocationException: Exception has been thrown by the target of an invocation. ---> System.NullReferenceException: Object reference not set to an instance of an object
  at Unity.XR.Oculus.OculusLoader.AssetPathToAbsolutePath (System.String assetPath) [0x0003d] in C:\Users\pugsl\source\repos\alley-activation-VR\Alley Activation\Library\PackageCache\com.unity.xr.oculus@3.3.0\Runtime\OculusLoader.cs:282 
  at Unity.XR.Oculus.OculusLoader.EditorLoadOVRPlugin () [0x0007b] in C:\Users\pugsl\source\repos\alley-activation-VR\Alley Activation\Library\PackageCache\com.unity.xr.oculus@3.3.0\Runtime\OculusLoader.cs:267 
  at (wrapper managed-to-native) System.Reflection.RuntimeMethodInfo.InternalInvoke(System.Reflection.RuntimeMethodInfo,object,object[],System.Exception&)
  at System.Reflection.RuntimeMethodInfo.Invoke (System.Object obj, System.Reflection.BindingFlags invokeAttr, System.Reflection.Binder binder, System.Object[] parameters, System.Globalization.CultureInfo culture) [0x0006a] in <1c8569827291471e9db0dcd976e97952>:0 
   --- End of inner exception stack trace ---
  at System.Reflection.RuntimeMethodInfo.Invoke (System.Object obj, System.Reflection.BindingFlags invokeAttr, System.Reflection.Binder binder, System.Object[] parameters, System.Globalization.CultureInfo culture) [0x00083] in <1c8569827291471e9db0dcd976e97952>:0 
  at System.Reflection.MethodBase.Invoke (System.Object obj, System.Object[] parameters) [0x00000] in <1c8569827291471e9db0dcd976e97952>:0 
  at UnityEditor.EditorAssemblies.ProcessInitializeOnLoadMethodAttributes () [0x000a5] in <8117508d098d40e7b6cab2e14abb2fdc>:0 
UnityEngine.StackTraceUtility:ExtractStackTrace ()
UnityEngine.DebugLogHandler:LogFormat (UnityEngine.LogType,UnityEngine.Object,string,object[])
UnityEngine.Logger:Log (UnityEngine.LogType,object)
UnityEngine.Debug:LogError (object)
UnityEditor.EditorAssemblies:ProcessInitializeOnLoadMethodAttributes ()

Mono: successfully reloaded assembly
- Completed reload, in  1.285 seconds
Domain Reload Profiling:
	ReloadAssembly (1286ms)
		BeginReloadAssembly (106ms)
			ExecutionOrderSort (0ms)
			DisableScriptedObjects (5ms)
			BackupInstance (0ms)
			ReleaseScriptingObjects (0ms)
			CreateAndSetChildDomain (17ms)
		EndReloadAssembly (1076ms)
			LoadAssemblies (106ms)
			RebuildTransferFunctionScriptingTraits (0ms)
			SetupTypeCache (311ms)
			ReleaseScriptCaches (1ms)
			RebuildScriptCaches (71ms)
			SetupLoadedEditorAssemblies (536ms)
				LogAssemblyErrors (0ms)
				InitializePlatformSupportModulesInManaged (17ms)
				SetLoadedEditorAssemblies (0ms)
				RefreshPlugins (98ms)
				BeforeProcessingInitializeOnLoad (102ms)
				ProcessInitializeOnLoadAttributes (264ms)
				ProcessInitializeOnLoadMethodAttributes (45ms)
				AfterProcessingInitializeOnLoad (9ms)
				EditorAssembliesLoaded (0ms)
			ExecutionOrderSort2 (0ms)
			AwakeInstancesAfterBackupRestoration (5ms)
Platform modules already initialized, skipping
========================================================================
Worker process is ready to serve import requests
Launched and connected shader compiler UnityShaderCompiler.exe after 0.04 seconds
Refreshing native plugins compatible for Editor in 1.12 ms, found 15 plugins.
Preloading 1 native plugins for Editor in 0.10 ms.
Unloading 5247 Unused Serialized files (Serialized files now loaded: 0)
Unloading 69 unused Assets / (1.2 MB). Loaded Objects now: 5750.
Memory consumption went from 228.3 MB to 227.1 MB.
Total: 3.697300 ms (FindLiveObjects: 0.442600 ms CreateObjectMapping: 0.143900 ms MarkObjects: 2.739600 ms  DeleteObjects: 0.370300 ms)

AssetImportParameters requested are different than current active one (requested -> active):
  custom:video-decoder-ogg-theora: a1e56fd34408186e4bbccfd4996cb3dc -> 
  custom:container-muxer-webm: aa71ff27fc2769a1b78a27578f13a17b -> 
  custom:container-demuxer-webm: 4f35f7cbe854078d1ac9338744f61a02 -> 
  custom:video-encoder-webm-vp8: eb34c28f22e8b96e1ab97ce403110664 -> 
  custom:audio-encoder-webm-vorbis: bf7c407c2cedff20999df2af8eb42d56 -> 
  custom:framework-win-MediaFoundation: 216162199b28c13a410421893ffa2e32 -> 
  custom:container-demuxer-ogg: 62fdf1f143b41e24485cea50d1cbac27 -> 
  custom:video-decoder-webm-vp8: 9c59270c3fd7afecdb556c50c9e8de78 -> 
  custom:audio-decoder-ogg-vorbis: bf7c407c2cedff20999df2af8eb42d56 -> 
========================================================================
Received Import Request.
  Time since last request: 863890.352563 seconds.
  path: Assets/Scenes/Scriptable Objects/Objects
  artifactKey: Guid(f72bc1599d92a894fb6f8b4fd4c2b358) Importer(815301076,1909f56bfc062723c751e8b465ee728b)
Start importing Assets/Scenes/Scriptable Objects/Objects using Guid(f72bc1599d92a894fb6f8b4fd4c2b358) Importer(815301076,1909f56bfc062723c751e8b465ee728b)  -> (artifact id: 'a92186f6f0523bdcf195cd489343f14f') in 0.013600 seconds 
========================================================================
Received Import Request.
  Time since last request: 42.233553 seconds.
  path: Assets/Scenes/Scriptable Objects/Objects/firepit.prefab
  artifactKey: Guid(60ddb76e3cdeeef40b52aa97fcd03880) Importer(815301076,1909f56bfc062723c751e8b465ee728b)
Start importing Assets/Scenes/Scriptable Objects/Objects/firepit.prefab using Guid(60ddb76e3cdeeef40b52aa97fcd03880) Importer(815301076,1909f56bfc062723c751e8b465ee728b)  -> (artifact id: 'b1e60387260dc60e3e91cd6eac41a5a5') in 0.132432 seconds 
========================================================================
Received Import Request.
  Time since last request: 6.186071 seconds.
  path: Assets/Scenes/Scriptable Objects/Objects/rain barrel (2).prefab
  artifactKey: Guid(54a5555645c34184abb0229a660884c6) Importer(815301076,1909f56bfc062723c751e8b465ee728b)
Start importing Assets/Scenes/Scriptable Objects/Objects/rain barrel (2).prefab using Guid(54a5555645c34184abb0229a660884c6) Importer(815301076,1909f56bfc062723c751e8b465ee728b)  -> (artifact id: '476a394d089c39e8b8c375866c5fd60c') in 0.016692 seconds 
========================================================================
Received Import Request.
  Time since last request: 2.767950 seconds.
  path: Assets/Scenes/Scriptable Objects/Objects/Scriptable Sapling.prefab
  artifactKey: Guid(a28477a3b06419d41b812af0c61af495) Importer(815301076,1909f56bfc062723c751e8b465ee728b)
Start importing Assets/Scenes/Scriptable Objects/Objects/Scriptable Sapling.prefab using Guid(a28477a3b06419d41b812af0c61af495) Importer(815301076,1909f56bfc062723c751e8b465ee728b)  -> (artifact id: '37da10f20a14f5447f8e94ab62851b9c') in 0.023786 seconds 
========================================================================
Received Import Request.
  Time since last request: 2.242898 seconds.
  path: Assets/Scenes/Scriptable Objects/Objects/water box.prefab
  artifactKey: Guid(0c53ea3ea8925c849b27ed1db840638d) Importer(815301076,1909f56bfc062723c751e8b465ee728b)
Start importing Assets/Scenes/Scriptable Objects/Objects/water box.prefab using Guid(0c53ea3ea8925c849b27ed1db840638d) Importer(815301076,1909f56bfc062723c751e8b465ee728b)  -> (artifact id: '39e1ad387ce5e124e06435f96fe21424') in 0.015458 seconds 
========================================================================
Received Import Request.
  Time since last request: 16.340548 seconds.
  path: Assets/Scenes/Scriptable Objects/Objects/water box 1.prefab
  artifactKey: Guid(d6a57dab709040f4bb28bd45b33c4048) Importer(815301076,1909f56bfc062723c751e8b465ee728b)
Start importing Assets/Scenes/Scriptable Objects/Objects/water box 1.prefab using Guid(d6a57dab709040f4bb28bd45b33c4048) Importer(815301076,1909f56bfc062723c751e8b465ee728b)  -> (artifact id: 'e89da831afbea24e4398f571391fce94') in 0.012894 seconds 
========================================================================
Received Import Request.
  Time since last request: 51.378349 seconds.
  path: Assets/Scenes/Scriptable Objects/Objects/Cube 1.prefab
  artifactKey: Guid(8a20a68211631b2468a8bc2ac45c3354) Importer(815301076,1909f56bfc062723c751e8b465ee728b)
Start importing Assets/Scenes/Scriptable Objects/Objects/Cube 1.prefab using Guid(8a20a68211631b2468a8bc2ac45c3354) Importer(815301076,1909f56bfc062723c751e8b465ee728b)  -> (artifact id: 'c63c3c717cb8490aaa0145626dd3cf64') in 0.016182 seconds 
========================================================================
Received Import Request.
  Time since last request: 7.379855 seconds.
  path: Assets/Scenes/Scriptable Objects/Objects/Cube 1.prefab
  artifactKey: Guid(8a20a68211631b2468a8bc2ac45c3354) Importer(815301076,1909f56bfc062723c751e8b465ee728b)
Start importing Assets/Scenes/Scriptable Objects/Objects/Cube 1.prefab using Guid(8a20a68211631b2468a8bc2ac45c3354) Importer(815301076,1909f56bfc062723c751e8b465ee728b)  -> (artifact id: '807dbe94e445c7697055db703806434d') in 0.012062 seconds 
========================================================================
Received Import Request.
  Time since last request: 4.317765 seconds.
  path: Assets/Scenes/Scriptable Objects/Objects/Chair.prefab
  artifactKey: Guid(8a20a68211631b2468a8bc2ac45c3354) Importer(815301076,1909f56bfc062723c751e8b465ee728b)
Start importing Assets/Scenes/Scriptable Objects/Objects/Chair.prefab using Guid(8a20a68211631b2468a8bc2ac45c3354) Importer(815301076,1909f56bfc062723c751e8b465ee728b)  -> (artifact id: '6a02f50dd807af2aaa1a920b8642f0b3') in 0.013412 seconds 
========================================================================
Received Import Request.
  Time since last request: 11.029697 seconds.
  path: Assets/Scenes/Scriptable Objects/Objects/Chair.prefab
  artifactKey: Guid(8a20a68211631b2468a8bc2ac45c3354) Importer(815301076,1909f56bfc062723c751e8b465ee728b)
Start importing Assets/Scenes/Scriptable Objects/Objects/Chair.prefab using Guid(8a20a68211631b2468a8bc2ac45c3354) Importer(815301076,1909f56bfc062723c751e8b465ee728b)  -> (artifact id: '1636a1c231a32163ec9c3d8d2a4d0f1c') in 0.008929 seconds 
========================================================================
Received Import Request.
  Time since last request: 1.102217 seconds.
  path: Assets/Scenes/Scriptable Objects/Objects/Chair.prefab
  artifactKey: Guid(8a20a68211631b2468a8bc2ac45c3354) Importer(815301076,1909f56bfc062723c751e8b465ee728b)
Start importing Assets/Scenes/Scriptable Objects/Objects/Chair.prefab using Guid(8a20a68211631b2468a8bc2ac45c3354) Importer(815301076,1909f56bfc062723c751e8b465ee728b)  -> (artifact id: '891d55d7c7b68bcc6b42c49df30b37e7') in 0.008902 seconds 
========================================================================
Received Import Request.
  Time since last request: 381.543398 seconds.
  path: Assets/Scenes/Scriptable Objects/Objects/Chair Icon.png
  artifactKey: Guid(f444b091d236b264089222d0d4a7593d) Importer(815301076,1909f56bfc062723c751e8b465ee728b)
Start importing Assets/Scenes/Scriptable Objects/Objects/Chair Icon.png using Guid(f444b091d236b264089222d0d4a7593d) Importer(815301076,1909f56bfc062723c751e8b465ee728b)  -> (artifact id: '8e4ef391bdfc42ad6225114ae46afc33') in 0.045413 seconds 
========================================================================
Received Import Request.
  Time since last request: 8.251730 seconds.
  path: Assets/Scenes/Scriptable Objects/Objects/Chair Icon.png
  artifactKey: Guid(f444b091d236b264089222d0d4a7593d) Importer(815301076,1909f56bfc062723c751e8b465ee728b)
Start importing Assets/Scenes/Scriptable Objects/Objects/Chair Icon.png using Guid(f444b091d236b264089222d0d4a7593d) Importer(815301076,1909f56bfc062723c751e8b465ee728b)  -> (artifact id: 'e5aa6f0e2536ca484b86018f6569d019') in 0.038432 seconds 
========================================================================
Received Import Request.
  Time since last request: 7.893870 seconds.
  path: Assets/Scenes/Scriptable Objects/Objects/Chair.prefab
  artifactKey: Guid(8a20a68211631b2468a8bc2ac45c3354) Importer(815301076,1909f56bfc062723c751e8b465ee728b)
Start importing Assets/Scenes/Scriptable Objects/Objects/Chair.prefab using Guid(8a20a68211631b2468a8bc2ac45c3354) Importer(815301076,1909f56bfc062723c751e8b465ee728b)  -> (artifact id: '59924cb172df26f0cff4bd0a1f195433') in 0.011740 seconds 
========================================================================
Received Import Request.
  Time since last request: 216.497195 seconds.
  path: Assets/Scenes/Scriptable Objects/Objects/Cube (121) Variant.prefab
  artifactKey: Guid(dca8cb464022dce478265422676c03a5) Importer(815301076,1909f56bfc062723c751e8b465ee728b)
Start importing Assets/Scenes/Scriptable Objects/Objects/Cube (121) Variant.prefab using Guid(dca8cb464022dce478265422676c03a5) Importer(815301076,1909f56bfc062723c751e8b465ee728b)  -> (artifact id: 'd2eece11b6bf2c64c551709775d4bce5') in 0.047419 seconds 
========================================================================
Received Import Request.
  Time since last request: 0.000030 seconds.
  path: Assets/Scenes/Scriptable Objects/Objects/Cube (150) Variant.prefab
  artifactKey: Guid(c6404b16683685a4280b3764f0eceb88) Importer(815301076,1909f56bfc062723c751e8b465ee728b)
Start importing Assets/Scenes/Scriptable Objects/Objects/Cube (150) Variant.prefab using Guid(c6404b16683685a4280b3764f0eceb88) Importer(815301076,1909f56bfc062723c751e8b465ee728b)  -> (artifact id: 'f1a6ce5938905a608440c63dab912ee6') in 0.008590 seconds 
========================================================================
Received Import Request.
  Time since last request: 0.000023 seconds.
  path: Assets/Scenes/Scriptable Objects/Objects/Cube (151) Variant.prefab
  artifactKey: Guid(9c0f2822ce89c7d45bd876a4ab478f69) Importer(815301076,1909f56bfc062723c751e8b465ee728b)
Start importing Assets/Scenes/Scriptable Objects/Objects/Cube (151) Variant.prefab using Guid(9c0f2822ce89c7d45bd876a4ab478f69) Importer(815301076,1909f56bfc062723c751e8b465ee728b)  -> (artifact id: 'e195e9f06e2f827204f6d361e7088c32') in 0.008913 seconds 
========================================================================
Received Import Request.
  Time since last request: 0.000030 seconds.
  path: Assets/Scenes/Scriptable Objects/Objects/Cube (124) Variant.prefab
  artifactKey: Guid(b3928f03eb41745479296560558be76d) Importer(815301076,1909f56bfc062723c751e8b465ee728b)
Start importing Assets/Scenes/Scriptable Objects/Objects/Cube (124) Variant.prefab using Guid(b3928f03eb41745479296560558be76d) Importer(815301076,1909f56bfc062723c751e8b465ee728b)  -> (artifact id: '98fffc5b41b41484561c4a19c8f068ba') in 0.010677 seconds 
========================================================================
Received Import Request.
  Time since last request: 0.000022 seconds.
  path: Assets/Scenes/Scriptable Objects/Objects/Cube (125) Variant.prefab
  artifactKey: Guid(b127eff0d81175d4298abf233d92ebbd) Importer(815301076,1909f56bfc062723c751e8b465ee728b)
Start importing Assets/Scenes/Scriptable Objects/Objects/Cube (125) Variant.prefab using Guid(b127eff0d81175d4298abf233d92ebbd) Importer(815301076,1909f56bfc062723c751e8b465ee728b)  -> (artifact id: 'a6fda113d14a11d56b76c26509e9df0b') in 0.009577 seconds 
========================================================================
Received Import Request.
  Time since last request: 0.000029 seconds.
  path: Assets/Scenes/Scriptable Objects/Objects/Cube (123) Variant.prefab
  artifactKey: Guid(dffe9c875c461d64e9e7939f87f739dd) Importer(815301076,1909f56bfc062723c751e8b465ee728b)
Start importing Assets/Scenes/Scriptable Objects/Objects/Cube (123) Variant.prefab using Guid(dffe9c875c461d64e9e7939f87f739dd) Importer(815301076,1909f56bfc062723c751e8b465ee728b)  -> (artifact id: '558d9aba2f2239613ec77ab532515e39') in 0.008901 seconds 
========================================================================
Received Import Request.
  Time since last request: 0.000022 seconds.
  path: Assets/Scenes/Scriptable Objects/Objects/house Variant.prefab
  artifactKey: Guid(02f7261df1ebf9e4aa0f74f2cf16ce72) Importer(815301076,1909f56bfc062723c751e8b465ee728b)
Start importing Assets/Scenes/Scriptable Objects/Objects/house Variant.prefab using Guid(02f7261df1ebf9e4aa0f74f2cf16ce72) Importer(815301076,1909f56bfc062723c751e8b465ee728b)  -> (artifact id: '64e1373a11540b2c8b4dee4cd670957f') in 0.016459 seconds 
Editor requested this worker to shutdown with reason: Scaling down because of idle timeout
AssetImportWorker is now disconnected from the server
Process exiting
Exiting without the bug reporter. Application will terminate with return code 0