Using pre-set license
Built from '2021.3/staging' branch; Version is '2021.3.26f1 (a16dc32e0ff2) revision 10579395'; Using compiler version '192829333'; Build Type 'Release'
OS: 'Windows 10  (10.0.19045) 64bit Core' Language: 'en' Physical Memory: 32692 MB
BatchMode: 1, IsHumanControllingUs: 0, StartBugReporterOnCrash: 0, Is64bit: 1, IsPro: 1

COMMAND LINE ARGUMENTS:
C:\Program Files\Unity\Hub\Editor\2021.3.26f1\Editor\Unity.exe
-adb2
-batchMode
-noUpm
-name
AssetImportWorker4
-projectPath
C:/Users/pugsl/source/repos/alley-activation-VR/Alley Activation
-logFile
Logs/AssetImportWorker4.log
-srvPort
64042
Successfully changed project path to: C:/Users/pugsl/source/repos/alley-activation-VR/Alley Activation
C:/Users/pugsl/source/repos/alley-activation-VR/Alley Activation
[UnityMemory] Configuration Parameters - Can be set up in boot.config
    "memorysetup-bucket-allocator-granularity=16"
    "memorysetup-bucket-allocator-bucket-count=8"
    "memorysetup-bucket-allocator-block-size=33554432"
    "memorysetup-bucket-allocator-block-count=8"
    "memorysetup-main-allocator-block-size=16777216"
    "memorysetup-thread-allocator-block-size=16777216"
    "memorysetup-gfx-main-allocator-block-size=16777216"
    "memorysetup-gfx-thread-allocator-block-size=16777216"
    "memorysetup-cache-allocator-block-size=4194304"
    "memorysetup-typetree-allocator-block-size=2097152"
    "memorysetup-profiler-bucket-allocator-granularity=16"
    "memorysetup-profiler-bucket-allocator-bucket-count=8"
    "memorysetup-profiler-bucket-allocator-block-size=33554432"
    "memorysetup-profiler-bucket-allocator-block-count=8"
    "memorysetup-profiler-allocator-block-size=16777216"
    "memorysetup-profiler-editor-allocator-block-size=1048576"
    "memorysetup-temp-allocator-size-main=16777216"
    "memorysetup-job-temp-allocator-block-size=2097152"
    "memorysetup-job-temp-allocator-block-size-background=1048576"
    "memorysetup-job-temp-allocator-reduction-small-platforms=262144"
    "memorysetup-temp-allocator-size-background-worker=32768"
    "memorysetup-temp-allocator-size-job-worker=262144"
    "memorysetup-temp-allocator-size-preload-manager=33554432"
    "memorysetup-temp-allocator-size-nav-mesh-worker=65536"
    "memorysetup-temp-allocator-size-audio-worker=65536"
    "memorysetup-temp-allocator-size-cloud-worker=32768"
    "memorysetup-temp-allocator-size-gi-baking-worker=262144"
    "memorysetup-temp-allocator-size-gfx=262144"
Player connection [19860] Host "[IP] 192.168.1.72 [Port] 0 [Flags] 2 [Guid] 3558217975 [EditorId] 3558217975 [Version] 1048832 [Id] WindowsEditor(7,TheCoalMines) [Debug] 1 [PackageName] WindowsEditor [ProjectName] Editor" joined multi-casting on [225.0.0.222:54997]...

Player connection [19860] Host "[IP] 192.168.1.72 [Port] 0 [Flags] 2 [Guid] 3558217975 [EditorId] 3558217975 [Version] 1048832 [Id] WindowsEditor(7,TheCoalMines) [Debug] 1 [PackageName] WindowsEditor [ProjectName] Editor" joined alternative multi-casting on [225.0.0.222:34997]...

Refreshing native plugins compatible for Editor in 174.75 ms, found 16 plugins.
Preloading 1 native plugins for Editor in 0.65 ms.
Initialize engine version: 2021.3.26f1 (a16dc32e0ff2)
[Subsystems] Discovering subsystems at path C:/Program Files/Unity/Hub/Editor/2021.3.26f1/Editor/Data/Resources/UnitySubsystems
[Subsystems] Discovering subsystems at path C:/Users/pugsl/source/repos/alley-activation-VR/Alley Activation/Assets
GfxDevice: creating device client; threaded=0; jobified=0
Direct3D:
    Version:  Direct3D 11.0 [level 11.1]
    Renderer: Radeon RX Vega (ID=0x687f)
    Vendor:   ATI
    VRAM:     8119 MB
    Driver:   31.0.21905.1001
Initialize mono
Mono path[0] = 'C:/Program Files/Unity/Hub/Editor/2021.3.26f1/Editor/Data/Managed'
Mono path[1] = 'C:/Program Files/Unity/Hub/Editor/2021.3.26f1/Editor/Data/MonoBleedingEdge/lib/mono/unityjit-win32'
Mono config path = 'C:/Program Files/Unity/Hub/Editor/2021.3.26f1/Editor/Data/MonoBleedingEdge/etc'
Using monoOptions --debugger-agent=transport=dt_socket,embedding=1,server=y,suspend=n,address=127.0.0.1:56000
Begin MonoManager ReloadAssembly
Registering precompiled unity dll's ...
Register platform support module: C:/Program Files/Unity/Hub/Editor/2021.3.26f1/Editor/Data/PlaybackEngines/AndroidPlayer/UnityEditor.Android.Extensions.dll
Register platform support module: C:/Program Files/Unity/Hub/Editor/2021.3.26f1/Editor/Data/PlaybackEngines/WindowsStandaloneSupport/UnityEditor.WindowsStandalone.Extensions.dll
Registered in 0.012289 seconds.
Native extension for WindowsStandalone target not found
Native extension for Android target not found
Android Extension - Scanning For ADB Devices 267 ms
Refreshing native plugins compatible for Editor in 181.24 ms, found 16 plugins.
Preloading 1 native plugins for Editor in 0.18 ms.
Mono: successfully reloaded assembly
- Completed reload, in  1.069 seconds
Domain Reload Profiling:
	ReloadAssembly (1069ms)
		BeginReloadAssembly (88ms)
			ExecutionOrderSort (0ms)
			DisableScriptedObjects (0ms)
			BackupInstance (0ms)
			ReleaseScriptingObjects (0ms)
			CreateAndSetChildDomain (1ms)
		EndReloadAssembly (868ms)
			LoadAssemblies (85ms)
			RebuildTransferFunctionScriptingTraits (0ms)
			SetupTypeCache (122ms)
			ReleaseScriptCaches (0ms)
			RebuildScriptCaches (24ms)
			SetupLoadedEditorAssemblies (663ms)
				LogAssemblyErrors (0ms)
				InitializePlatformSupportModulesInManaged (368ms)
				SetLoadedEditorAssemblies (0ms)
				RefreshPlugins (182ms)
				BeforeProcessingInitializeOnLoad (1ms)
				ProcessInitializeOnLoadAttributes (75ms)
				ProcessInitializeOnLoadMethodAttributes (37ms)
				AfterProcessingInitializeOnLoad (0ms)
				EditorAssembliesLoaded (0ms)
			ExecutionOrderSort2 (0ms)
			AwakeInstancesAfterBackupRestoration (0ms)
Platform modules already initialized, skipping
Registering precompiled user dll's ...
Registered in 0.016866 seconds.
Begin MonoManager ReloadAssembly
Symbol file LoadedFromMemory doesn't match image C:\Users\pugsl\source\repos\alley-activation-VR\Alley Activation\Library\PackageCache\com.unity.visualscripting@1.8.0\Editor\VisualScripting.Core\Dependencies\DotNetZip\Unity.VisualScripting.IonicZip.dll
Symbol file LoadedFromMemory doesn't match image C:\Users\pugsl\source\repos\alley-activation-VR\Alley Activation\Library\PackageCache\com.unity.visualscripting@1.8.0\Editor\VisualScripting.Core\Dependencies\YamlDotNet\Unity.VisualScripting.YamlDotNet.dll
Native extension for WindowsStandalone target not found
Native extension for Android target not found
Refreshing native plugins compatible for Editor in 145.48 ms, found 16 plugins.
Preloading 1 native plugins for Editor in 0.16 ms.
Package Manager log level set to [2]
System.Reflection.TargetInvocationException: Exception has been thrown by the target of an invocation. ---> System.NullReferenceException: Object reference not set to an instance of an object
  at Unity.XR.Oculus.OculusLoader.AssetPathToAbsolutePath (System.String assetPath) [0x0003d] in C:\Users\pugsl\source\repos\alley-activation-VR\Alley Activation\Library\PackageCache\com.unity.xr.oculus@3.3.0\Runtime\OculusLoader.cs:282 
  at Unity.XR.Oculus.OculusLoader.EditorLoadOVRPlugin () [0x0007b] in C:\Users\pugsl\source\repos\alley-activation-VR\Alley Activation\Library\PackageCache\com.unity.xr.oculus@3.3.0\Runtime\OculusLoader.cs:267 
  at (wrapper managed-to-native) System.Reflection.RuntimeMethodInfo.InternalInvoke(System.Reflection.RuntimeMethodInfo,object,object[],System.Exception&)
  at System.Reflection.RuntimeMethodInfo.Invoke (System.Object obj, System.Reflection.BindingFlags invokeAttr, System.Reflection.Binder binder, System.Object[] parameters, System.Globalization.CultureInfo culture) [0x0006a] in <1c8569827291471e9db0dcd976e97952>:0 
   --- End of inner exception stack trace ---
  at System.Reflection.RuntimeMethodInfo.Invoke (System.Object obj, System.Reflection.BindingFlags invokeAttr, System.Reflection.Binder binder, System.Object[] parameters, System.Globalization.CultureInfo culture) [0x00083] in <1c8569827291471e9db0dcd976e97952>:0 
  at System.Reflection.MethodBase.Invoke (System.Object obj, System.Object[] parameters) [0x00000] in <1c8569827291471e9db0dcd976e97952>:0 
  at UnityEditor.EditorAssemblies.ProcessInitializeOnLoadMethodAttributes () [0x000a5] in <8117508d098d40e7b6cab2e14abb2fdc>:0 
UnityEngine.StackTraceUtility:ExtractStackTrace ()
UnityEngine.DebugLogHandler:LogFormat (UnityEngine.LogType,UnityEngine.Object,string,object[])
UnityEngine.Logger:Log (UnityEngine.LogType,object)
UnityEngine.Debug:LogError (object)
UnityEditor.EditorAssemblies:ProcessInitializeOnLoadMethodAttributes ()

Mono: successfully reloaded assembly
- Completed reload, in  1.578 seconds
Domain Reload Profiling:
	ReloadAssembly (1579ms)
		BeginReloadAssembly (118ms)
			ExecutionOrderSort (0ms)
			DisableScriptedObjects (6ms)
			BackupInstance (0ms)
			ReleaseScriptingObjects (0ms)
			CreateAndSetChildDomain (21ms)
		EndReloadAssembly (1341ms)
			LoadAssemblies (121ms)
			RebuildTransferFunctionScriptingTraits (0ms)
			SetupTypeCache (346ms)
			ReleaseScriptCaches (2ms)
			RebuildScriptCaches (82ms)
			SetupLoadedEditorAssemblies (734ms)
				LogAssemblyErrors (0ms)
				InitializePlatformSupportModulesInManaged (19ms)
				SetLoadedEditorAssemblies (0ms)
				RefreshPlugins (146ms)
				BeforeProcessingInitializeOnLoad (150ms)
				ProcessInitializeOnLoadAttributes (304ms)
				ProcessInitializeOnLoadMethodAttributes (105ms)
				AfterProcessingInitializeOnLoad (10ms)
				EditorAssembliesLoaded (0ms)
			ExecutionOrderSort2 (0ms)
			AwakeInstancesAfterBackupRestoration (5ms)
Platform modules already initialized, skipping
========================================================================
Worker process is ready to serve import requests
Launched and connected shader compiler UnityShaderCompiler.exe after 0.06 seconds
Refreshing native plugins compatible for Editor in 1.79 ms, found 16 plugins.
Preloading 1 native plugins for Editor in 0.16 ms.
Unloading 6867 Unused Serialized files (Serialized files now loaded: 0)
Unloading 83 unused Assets / (1.8 MB). Loaded Objects now: 7360.
Memory consumption went from 300.9 MB to 299.0 MB.
Total: 4.143100 ms (FindLiveObjects: 0.565300 ms CreateObjectMapping: 0.162000 ms MarkObjects: 2.879900 ms  DeleteObjects: 0.535300 ms)

AssetImportParameters requested are different than current active one (requested -> active):
  custom:video-decoder-ogg-theora: a1e56fd34408186e4bbccfd4996cb3dc -> 
  custom:container-muxer-webm: aa71ff27fc2769a1b78a27578f13a17b -> 
  custom:container-demuxer-webm: 4f35f7cbe854078d1ac9338744f61a02 -> 
  custom:video-encoder-webm-vp8: eb34c28f22e8b96e1ab97ce403110664 -> 
  custom:audio-encoder-webm-vorbis: bf7c407c2cedff20999df2af8eb42d56 -> 
  custom:framework-win-MediaFoundation: 216162199b28c13a410421893ffa2e32 -> 
  custom:container-demuxer-ogg: 62fdf1f143b41e24485cea50d1cbac27 -> 
  custom:video-decoder-webm-vp8: 9c59270c3fd7afecdb556c50c9e8de78 -> 
  custom:audio-decoder-ogg-vorbis: bf7c407c2cedff20999df2af8eb42d56 -> 
========================================================================
Received Import Request.
  Time since last request: 55674.761367 seconds.
  path: Assets/RPG FOOD PROPS/UNIVERSAL RENDER PIPELINE/Textures/Apple_DefaultMaterial_AlbedoTransparency.png
  artifactKey: Guid(f5513540388a61d499252b4953271db1) Importer(815301076,1909f56bfc062723c751e8b465ee728b)
Start importing Assets/RPG FOOD PROPS/UNIVERSAL RENDER PIPELINE/Textures/Apple_DefaultMaterial_AlbedoTransparency.png using Guid(f5513540388a61d499252b4953271db1) Importer(815301076,1909f56bfc062723c751e8b465ee728b)  -> (artifact id: 'f26f37588aa2f1f553a0f0cd69cc4f5f') in 0.174389 seconds 
========================================================================
Received Import Request.
  Time since last request: 0.000049 seconds.
  path: Assets/RPG FOOD PROPS/UNIVERSAL RENDER PIPELINE/Textures/Bread1_DefaultMaterial_AO.png
  artifactKey: Guid(e4a9521fa6166394381779471b5ec367) Importer(815301076,1909f56bfc062723c751e8b465ee728b)
Start importing Assets/RPG FOOD PROPS/UNIVERSAL RENDER PIPELINE/Textures/Bread1_DefaultMaterial_AO.png using Guid(e4a9521fa6166394381779471b5ec367) Importer(815301076,1909f56bfc062723c751e8b465ee728b)  -> (artifact id: 'd3849293497c01063cd9f329118ec143') in 0.061609 seconds 
========================================================================
Received Import Request.
  Time since last request: 0.000036 seconds.
  path: Assets/RPG FOOD PROPS/UNIVERSAL RENDER PIPELINE/Textures/Pumpkin_DefaultMaterial_AO.png
  artifactKey: Guid(f709ef8757c01a14f8e48dd543191a31) Importer(815301076,1909f56bfc062723c751e8b465ee728b)
Start importing Assets/RPG FOOD PROPS/UNIVERSAL RENDER PIPELINE/Textures/Pumpkin_DefaultMaterial_AO.png using Guid(f709ef8757c01a14f8e48dd543191a31) Importer(815301076,1909f56bfc062723c751e8b465ee728b)  -> (artifact id: '54d7fa45ce46b0ce0557babcbd676cd6') in 0.059280 seconds 
========================================================================
Received Import Request.
  Time since last request: 0.000024 seconds.
  path: Assets/RPG FOOD PROPS/UNIVERSAL RENDER PIPELINE/Textures/Cheese2_DefaultMaterial_MetallicSmoothness.png
  artifactKey: Guid(aa03bd210993eb441955fa2cd11877b7) Importer(815301076,1909f56bfc062723c751e8b465ee728b)
Start importing Assets/RPG FOOD PROPS/UNIVERSAL RENDER PIPELINE/Textures/Cheese2_DefaultMaterial_MetallicSmoothness.png using Guid(aa03bd210993eb441955fa2cd11877b7) Importer(815301076,1909f56bfc062723c751e8b465ee728b)  -> (artifact id: '9c38f88864ee674cd7a9b8a0c5ed3250') in 0.077717 seconds 
========================================================================
Received Import Request.
  Time since last request: 0.000021 seconds.
  path: Assets/RPG FOOD PROPS/UNIVERSAL RENDER PIPELINE/Textures/Sausage_DefaultMaterial_MetallicSmoothness.png
  artifactKey: Guid(31bf9a3cbc6b018469d145e15c89a015) Importer(815301076,1909f56bfc062723c751e8b465ee728b)
Start importing Assets/RPG FOOD PROPS/UNIVERSAL RENDER PIPELINE/Textures/Sausage_DefaultMaterial_MetallicSmoothness.png using Guid(31bf9a3cbc6b018469d145e15c89a015) Importer(815301076,1909f56bfc062723c751e8b465ee728b)  -> (artifact id: '9b87ac5368426d615590132d22b3e057') in 0.068626 seconds 
========================================================================
Received Import Request.
  Time since last request: 0.000022 seconds.
  path: Assets/RPG FOOD PROPS/UNIVERSAL RENDER PIPELINE/Textures/Meat1_DefaultMaterial_Normal.png
  artifactKey: Guid(2b4a7776b3568474e8f690ade29dddb7) Importer(815301076,1909f56bfc062723c751e8b465ee728b)
Start importing Assets/RPG FOOD PROPS/UNIVERSAL RENDER PIPELINE/Textures/Meat1_DefaultMaterial_Normal.png using Guid(2b4a7776b3568474e8f690ade29dddb7) Importer(815301076,1909f56bfc062723c751e8b465ee728b)  -> (artifact id: '048f6b15a6d6ff3b8ed67d6ca682f97c') in 0.093668 seconds 
========================================================================
Received Import Request.
  Time since last request: 0.000031 seconds.
  path: Assets/RPG FOOD PROPS/UNIVERSAL RENDER PIPELINE/Textures/Cheese1_DefaultMaterial_Normal.png
  artifactKey: Guid(8409a248e4e69c24480a86c09b9a78d4) Importer(815301076,1909f56bfc062723c751e8b465ee728b)
Start importing Assets/RPG FOOD PROPS/UNIVERSAL RENDER PIPELINE/Textures/Cheese1_DefaultMaterial_Normal.png using Guid(8409a248e4e69c24480a86c09b9a78d4) Importer(815301076,1909f56bfc062723c751e8b465ee728b)  -> (artifact id: 'af27b406677cf651c458263faa05684e') in 0.061199 seconds 
========================================================================
Received Import Request.
  Time since last request: 0.000023 seconds.
  path: Assets/RPG FOOD PROPS/UNIVERSAL RENDER PIPELINE/Textures/Bottle1_DefaultMaterial_Normal.png
  artifactKey: Guid(26c8556bccba9b44184270ab092e42b0) Importer(815301076,1909f56bfc062723c751e8b465ee728b)
Start importing Assets/RPG FOOD PROPS/UNIVERSAL RENDER PIPELINE/Textures/Bottle1_DefaultMaterial_Normal.png using Guid(26c8556bccba9b44184270ab092e42b0) Importer(815301076,1909f56bfc062723c751e8b465ee728b)  -> (artifact id: '310699f013af6d61845cc28d7ca18bfb') in 0.068908 seconds 
========================================================================
Received Import Request.
  Time since last request: 0.000032 seconds.
  path: Assets/RPG FOOD PROPS/UNIVERSAL RENDER PIPELINE/Textures/Bottle2_DefaultMaterial_Normal.png
  artifactKey: Guid(7d27142b6fe2e284db980fc873ad54e3) Importer(815301076,1909f56bfc062723c751e8b465ee728b)
Start importing Assets/RPG FOOD PROPS/UNIVERSAL RENDER PIPELINE/Textures/Bottle2_DefaultMaterial_Normal.png using Guid(7d27142b6fe2e284db980fc873ad54e3) Importer(815301076,1909f56bfc062723c751e8b465ee728b)  -> (artifact id: '7b8154bdfb5b7afad68ee8a501c4ea2d') in 0.062280 seconds 
========================================================================
Received Import Request.
  Time since last request: 0.000024 seconds.
  path: Assets/RPG FOOD PROPS/UNIVERSAL RENDER PIPELINE/Textures/Bottle1_DefaultMaterial_AlbedoTransparency.png
  artifactKey: Guid(b4ee56be0109a6a408c42e8a860ddc21) Importer(815301076,1909f56bfc062723c751e8b465ee728b)
Start importing Assets/RPG FOOD PROPS/UNIVERSAL RENDER PIPELINE/Textures/Bottle1_DefaultMaterial_AlbedoTransparency.png using Guid(b4ee56be0109a6a408c42e8a860ddc21) Importer(815301076,1909f56bfc062723c751e8b465ee728b)  -> (artifact id: '9bce8b258ff2591bd3a823aa019140f7') in 0.060261 seconds 
========================================================================
Received Import Request.
  Time since last request: 0.000037 seconds.
  path: Assets/RPG FOOD PROPS/UNIVERSAL RENDER PIPELINE/Textures/Bread1_DefaultMaterial_AlbedoTransparency.png
  artifactKey: Guid(30b38e48797ac934cbb6845145762fe5) Importer(815301076,1909f56bfc062723c751e8b465ee728b)
Start importing Assets/RPG FOOD PROPS/UNIVERSAL RENDER PIPELINE/Textures/Bread1_DefaultMaterial_AlbedoTransparency.png using Guid(30b38e48797ac934cbb6845145762fe5) Importer(815301076,1909f56bfc062723c751e8b465ee728b)  -> (artifact id: 'caf34136294f55280945b021e16c13e6') in 0.054334 seconds 
========================================================================
Received Import Request.
  Time since last request: 0.000022 seconds.
  path: Assets/RPG FOOD PROPS/UNIVERSAL RENDER PIPELINE/Textures/Tomato_DefaultMaterial_MetallicSmoothness.png
  artifactKey: Guid(ab674dc696533684dbf2b02ec909bd2c) Importer(815301076,1909f56bfc062723c751e8b465ee728b)
Start importing Assets/RPG FOOD PROPS/UNIVERSAL RENDER PIPELINE/Textures/Tomato_DefaultMaterial_MetallicSmoothness.png using Guid(ab674dc696533684dbf2b02ec909bd2c) Importer(815301076,1909f56bfc062723c751e8b465ee728b)  -> (artifact id: 'ac0f5c311c815b22e9ff4bc12194ea78') in 0.059899 seconds 
========================================================================
Received Import Request.
  Time since last request: 0.000022 seconds.
  path: Assets/RPG FOOD PROPS/UNIVERSAL RENDER PIPELINE/Textures/Pumpkin_DefaultMaterial_Normal.png
  artifactKey: Guid(00241e56a7777fb4eb94f666c49e6357) Importer(815301076,1909f56bfc062723c751e8b465ee728b)
Start importing Assets/RPG FOOD PROPS/UNIVERSAL RENDER PIPELINE/Textures/Pumpkin_DefaultMaterial_Normal.png using Guid(00241e56a7777fb4eb94f666c49e6357) Importer(815301076,1909f56bfc062723c751e8b465ee728b)  -> (artifact id: 'e1db8f315928747149dc88640372647d') in 0.062183 seconds 
========================================================================
Received Import Request.
  Time since last request: 1.096228 seconds.
  path: Assets/RPG FOOD PROPS/UNIVERSAL RENDER PIPELINE/Textures/TraderTable_DefaultMaterial_AO.png
  artifactKey: Guid(f93f3739850642040bc4adf733990f88) Importer(815301076,1909f56bfc062723c751e8b465ee728b)
Start importing Assets/RPG FOOD PROPS/UNIVERSAL RENDER PIPELINE/Textures/TraderTable_DefaultMaterial_AO.png using Guid(f93f3739850642040bc4adf733990f88) Importer(815301076,1909f56bfc062723c751e8b465ee728b)  -> (artifact id: '77aca1bbfc6a0f0d11d34157bf9141cd') in 0.053568 seconds 
========================================================================
Received Import Request.
  Time since last request: 0.000019 seconds.
  path: Assets/RPG FOOD PROPS/UNIVERSAL RENDER PIPELINE/Textures/Watermelon_DefaultMaterial_Normal.png
  artifactKey: Guid(7ed8b3e8b620dd34c97003c6f6202dcf) Importer(815301076,1909f56bfc062723c751e8b465ee728b)
Start importing Assets/RPG FOOD PROPS/UNIVERSAL RENDER PIPELINE/Textures/Watermelon_DefaultMaterial_Normal.png using Guid(7ed8b3e8b620dd34c97003c6f6202dcf) Importer(815301076,1909f56bfc062723c751e8b465ee728b)  -> (artifact id: 'e2a0d4d599b60ef50114b5b96423ce5c') in 0.055959 seconds 
========================================================================
Received Import Request.
  Time since last request: 0.000024 seconds.
  path: Assets/RPG FOOD PROPS/UNIVERSAL RENDER PIPELINE/Textures/Watermelon_DefaultMaterial_AlbedoTransparency.png
  artifactKey: Guid(fd7060f9b9e64834cb84badd7aaaaa79) Importer(815301076,1909f56bfc062723c751e8b465ee728b)
Start importing Assets/RPG FOOD PROPS/UNIVERSAL RENDER PIPELINE/Textures/Watermelon_DefaultMaterial_AlbedoTransparency.png using Guid(fd7060f9b9e64834cb84badd7aaaaa79) Importer(815301076,1909f56bfc062723c751e8b465ee728b)  -> (artifact id: '5b1df90b2c42b4738150f93d371e79c2') in 0.055960 seconds 
========================================================================
Received Import Request.
  Time since last request: 0.000022 seconds.
  path: Assets/RPG FOOD PROPS/UNIVERSAL RENDER PIPELINE/Textures/Watermelon_DefaultMaterial_AO.png
  artifactKey: Guid(e25f2bd00db03564db42d5027797bc3e) Importer(815301076,1909f56bfc062723c751e8b465ee728b)
Start importing Assets/RPG FOOD PROPS/UNIVERSAL RENDER PIPELINE/Textures/Watermelon_DefaultMaterial_AO.png using Guid(e25f2bd00db03564db42d5027797bc3e) Importer(815301076,1909f56bfc062723c751e8b465ee728b)  -> (artifact id: '4c148f00050356f7f3d18c6bd26565e1') in 0.049063 seconds 
========================================================================
Received Import Request.
  Time since last request: 0.852860 seconds.
  path: Assets/RPG FOOD PROPS/UNIVERSAL RENDER PIPELINE/Textures/WoodenBox1_DefaultMaterial_Normal.png
  artifactKey: Guid(916271692cc73704d83d989c5ba5e8ef) Importer(815301076,1909f56bfc062723c751e8b465ee728b)
Start importing Assets/RPG FOOD PROPS/UNIVERSAL RENDER PIPELINE/Textures/WoodenBox1_DefaultMaterial_Normal.png using Guid(916271692cc73704d83d989c5ba5e8ef) Importer(815301076,1909f56bfc062723c751e8b465ee728b)  -> (artifact id: 'fd460120e74c17052d8fd25e61dac7e8') in 0.053133 seconds 
========================================================================
Received Import Request.
  Time since last request: 26.275275 seconds.
  path: Assets/RPG FOOD PROPS/HD RENDER PIPELINE/Materials/Apple.mat
  artifactKey: Guid(69caa93e75395544884f47ac42590004) Importer(815301076,1909f56bfc062723c751e8b465ee728b)
Start importing Assets/RPG FOOD PROPS/HD RENDER PIPELINE/Materials/Apple.mat using Guid(69caa93e75395544884f47ac42590004) Importer(815301076,1909f56bfc062723c751e8b465ee728b)  -> (artifact id: '8cdc86b6a51f1b647128796088795b4f') in 0.187697 seconds 
========================================================================
Received Import Request.
  Time since last request: 3.463058 seconds.
  path: Assets/RPG FOOD PROPS/UNIVERSAL RENDER PIPELINE/Materials/Apple_DefaultMaterial_AlbedoTransparency.mat
  artifactKey: Guid(c1335c1a66db68d41bf4d4c926f9942a) Importer(815301076,1909f56bfc062723c751e8b465ee728b)
Start importing Assets/RPG FOOD PROPS/UNIVERSAL RENDER PIPELINE/Materials/Apple_DefaultMaterial_AlbedoTransparency.mat using Guid(c1335c1a66db68d41bf4d4c926f9942a) Importer(815301076,1909f56bfc062723c751e8b465ee728b)  -> (artifact id: 'e9e41f94c429a74280ca1865f259d518') in 0.085460 seconds 
========================================================================
Received Import Request.
  Time since last request: 5.652849 seconds.
  path: Assets/Samples/XR Interaction Toolkit/2.3.2/Starter Assets/Models/PushButton.fbx
  artifactKey: Guid(7ab6f3b0fd1a6ba41b2a47766c16613f) Importer(815301076,1909f56bfc062723c751e8b465ee728b)
Start importing Assets/Samples/XR Interaction Toolkit/2.3.2/Starter Assets/Models/PushButton.fbx using Guid(7ab6f3b0fd1a6ba41b2a47766c16613f) Importer(815301076,1909f56bfc062723c751e8b465ee728b)  -> (artifact id: '47390c61a5bdfa56093a51a034b11b71') in 0.104996 seconds 
========================================================================
Received Import Request.
  Time since last request: 0.000028 seconds.
  path: Assets/Samples/XR Interaction Toolkit/2.3.2/Starter Assets/Prefabs/Complete XR Origin Set Up.prefab
  artifactKey: Guid(895f6f3c2d334633b5800312285058d2) Importer(815301076,1909f56bfc062723c751e8b465ee728b)
Start importing Assets/Samples/XR Interaction Toolkit/2.3.2/Starter Assets/Prefabs/Complete XR Origin Set Up.prefab using Guid(895f6f3c2d334633b5800312285058d2) Importer(815301076,1909f56bfc062723c751e8b465ee728b)  -> (artifact id: '55ebc9b1d0fe1daa56d8348143a59484') in 0.090971 seconds 
========================================================================
Received Import Request.
  Time since last request: 0.000032 seconds.
  path: Assets/RPG FOOD PROPS/HD RENDER PIPELINE/Textures/Bread1_DefaultMaterial_Normal.png
  artifactKey: Guid(998d147ff2f3dbe4ba96914c3202e5a4) Importer(815301076,1909f56bfc062723c751e8b465ee728b)
Start importing Assets/RPG FOOD PROPS/HD RENDER PIPELINE/Textures/Bread1_DefaultMaterial_Normal.png using Guid(998d147ff2f3dbe4ba96914c3202e5a4) Importer(815301076,1909f56bfc062723c751e8b465ee728b)  -> (artifact id: '0a90bfa6a791e732412bcff4dd3de1a2') in 0.055710 seconds 
========================================================================
Received Import Request.
  Time since last request: 3.121432 seconds.
  path: Assets/RPG FOOD PROPS/HD RENDER PIPELINE/Meshs/Orange.fbx
  artifactKey: Guid(b78d4d99334c2ef4b836e036aa4ac46f) Importer(815301076,1909f56bfc062723c751e8b465ee728b)
Start importing Assets/RPG FOOD PROPS/HD RENDER PIPELINE/Meshs/Orange.fbx using Guid(b78d4d99334c2ef4b836e036aa4ac46f) Importer(815301076,1909f56bfc062723c751e8b465ee728b)  -> (artifact id: 'ffca5b6410dd532e39b3154b647bcd06') in 0.021358 seconds 
========================================================================
Received Import Request.
  Time since last request: 0.000018 seconds.
  path: Assets/RPG FOOD PROPS/HD RENDER PIPELINE/Textures/Orange_DefaultMaterial_BaseMap.png
  artifactKey: Guid(646f8706180d40a4f9a37c26b04cd8f6) Importer(815301076,1909f56bfc062723c751e8b465ee728b)
Start importing Assets/RPG FOOD PROPS/HD RENDER PIPELINE/Textures/Orange_DefaultMaterial_BaseMap.png using Guid(646f8706180d40a4f9a37c26b04cd8f6) Importer(815301076,1909f56bfc062723c751e8b465ee728b)  -> (artifact id: 'd684e9be3202496c1768a56f1a9df9cb') in 0.056757 seconds 
========================================================================
Received Import Request.
  Time since last request: 0.000021 seconds.
  path: Assets/RPG FOOD PROPS/HD RENDER PIPELINE/Textures/Orange_DefaultMaterial_MaskMap.png
  artifactKey: Guid(ddc7086d49c03794f8a55dd0f78a1926) Importer(815301076,1909f56bfc062723c751e8b465ee728b)
Start importing Assets/RPG FOOD PROPS/HD RENDER PIPELINE/Textures/Orange_DefaultMaterial_MaskMap.png using Guid(ddc7086d49c03794f8a55dd0f78a1926) Importer(815301076,1909f56bfc062723c751e8b465ee728b)  -> (artifact id: '99abcd73636f310b545c06524d723ee4') in 0.065815 seconds 
========================================================================
Received Import Request.
  Time since last request: 2.116429 seconds.
  path: Assets/RPG FOOD PROPS/UNIVERSAL RENDER PIPELINE/Materials/Orange_DefaultMaterial_AlbedoTransparency.mat
  artifactKey: Guid(5992dca5864586042954fd33a0848bdc) Importer(815301076,1909f56bfc062723c751e8b465ee728b)
Start importing Assets/RPG FOOD PROPS/UNIVERSAL RENDER PIPELINE/Materials/Orange_DefaultMaterial_AlbedoTransparency.mat using Guid(5992dca5864586042954fd33a0848bdc) Importer(815301076,1909f56bfc062723c751e8b465ee728b)  -> (artifact id: 'dff02e7c591dd0da7841d82d4f77f616') in 0.049905 seconds 
========================================================================
Received Import Request.
  Time since last request: 64.148330 seconds.
  path: Assets/RPG FOOD PROPS/HD RENDER PIPELINE/Materials/Apple_DefaultMaterial_Normal.mat
  artifactKey: Guid(b4162d17a9e94df4ca7bd27749649fcb) Importer(815301076,1909f56bfc062723c751e8b465ee728b)
Start importing Assets/RPG FOOD PROPS/HD RENDER PIPELINE/Materials/Apple_DefaultMaterial_Normal.mat using Guid(b4162d17a9e94df4ca7bd27749649fcb) Importer(815301076,1909f56bfc062723c751e8b465ee728b)  -> (artifact id: 'e3bdf228b1aacebaf2a41c2d571485fe') in 0.049409 seconds 
========================================================================
Received Import Request.
  Time since last request: 7.449807 seconds.
  path: Assets/SteamVR/InteractionSystem/Longbow/Models/Longbow.fbx
  artifactKey: Guid(e694f124da5bfd84d97e67e8c2719420) Importer(815301076,1909f56bfc062723c751e8b465ee728b)
Start importing Assets/SteamVR/InteractionSystem/Longbow/Models/Longbow.fbx using Guid(e694f124da5bfd84d97e67e8c2719420) Importer(815301076,1909f56bfc062723c751e8b465ee728b)  -> (artifact id: 'bb0257bfaa7c900e2de0ebc173bf279c') in 0.047231 seconds 
========================================================================
Received Import Request.
  Time since last request: 0.000021 seconds.
  path: Assets/RPG FOOD PROPS/HD RENDER PIPELINE/Materials/Pumpkin.mat
  artifactKey: Guid(a732537c16c5bdc4da89b9b760010a43) Importer(815301076,1909f56bfc062723c751e8b465ee728b)
Start importing Assets/RPG FOOD PROPS/HD RENDER PIPELINE/Materials/Pumpkin.mat using Guid(a732537c16c5bdc4da89b9b760010a43) Importer(815301076,1909f56bfc062723c751e8b465ee728b)  -> (artifact id: '53838b4b5c512c3abe4ceb97d077b465') in 0.133155 seconds 
========================================================================
Received Import Request.
  Time since last request: 0.000027 seconds.
  path: Assets/RPG FOOD PROPS/HD RENDER PIPELINE/Textures/Pumpkin_DefaultMaterial_BaseMap.png
  artifactKey: Guid(c8f06498d59a3c74590639114a6420d1) Importer(815301076,1909f56bfc062723c751e8b465ee728b)
Start importing Assets/RPG FOOD PROPS/HD RENDER PIPELINE/Textures/Pumpkin_DefaultMaterial_BaseMap.png using Guid(c8f06498d59a3c74590639114a6420d1) Importer(815301076,1909f56bfc062723c751e8b465ee728b)  -> (artifact id: 'bacfeaa9104c38f6787ea47b36f0549a') in 0.062553 seconds 
========================================================================
Received Import Request.
  Time since last request: 0.000032 seconds.
  path: Assets/Pure Poly/Free Low Poly Nature Pack/Meshes/PP_Mushroom_Fantasy_Purple_05.fbx
  artifactKey: Guid(7259cce9d7302d44a8f8bf53cb1bc376) Importer(815301076,1909f56bfc062723c751e8b465ee728b)
Start importing Assets/Pure Poly/Free Low Poly Nature Pack/Meshes/PP_Mushroom_Fantasy_Purple_05.fbx using Guid(7259cce9d7302d44a8f8bf53cb1bc376) Importer(815301076,1909f56bfc062723c751e8b465ee728b)  -> (artifact id: 'e71cacffbb72c1b13693bf210a455104') in 0.017662 seconds 
========================================================================
Received Import Request.
  Time since last request: 0.117827 seconds.
  path: Assets/RPG FOOD PROPS/HD RENDER PIPELINE/Textures/Pumpkin_DefaultMaterial_MaskMap.png
  artifactKey: Guid(d94d5d49e57d07343b897a4f2c99a46a) Importer(815301076,1909f56bfc062723c751e8b465ee728b)
Start importing Assets/RPG FOOD PROPS/HD RENDER PIPELINE/Textures/Pumpkin_DefaultMaterial_MaskMap.png using Guid(d94d5d49e57d07343b897a4f2c99a46a) Importer(815301076,1909f56bfc062723c751e8b465ee728b)  -> (artifact id: 'ee055118ec98da13e3a1672287933302') in 0.065080 seconds 
========================================================================
Received Import Request.
  Time since last request: 8.207912 seconds.
  path: Assets/RPG FOOD PROPS/UNIVERSAL RENDER PIPELINE/Materials/Pumpkin_DefaultMaterial_AlbedoTransparency.mat
  artifactKey: Guid(3a7f4534258b7ea4fa585abf8d98a6ed) Importer(815301076,1909f56bfc062723c751e8b465ee728b)
Start importing Assets/RPG FOOD PROPS/UNIVERSAL RENDER PIPELINE/Materials/Pumpkin_DefaultMaterial_AlbedoTransparency.mat using Guid(3a7f4534258b7ea4fa585abf8d98a6ed) Importer(815301076,1909f56bfc062723c751e8b465ee728b)  -> (artifact id: 'eda8a20a694aa8cb9cfe93cf6b8628cd') in 0.049955 seconds 
========================================================================
Received Import Request.
  Time since last request: 128.550639 seconds.
  path: Assets/RPG FOOD PROPS/UNIVERSAL RENDER PIPELINE/Materials/Plate_DefaultMaterial_AlbedoTransparency.mat
  artifactKey: Guid(8105a111833a4d34989242b0b8157758) Importer(815301076,1909f56bfc062723c751e8b465ee728b)
Start importing Assets/RPG FOOD PROPS/UNIVERSAL RENDER PIPELINE/Materials/Plate_DefaultMaterial_AlbedoTransparency.mat using Guid(8105a111833a4d34989242b0b8157758) Importer(815301076,1909f56bfc062723c751e8b465ee728b)  -> (artifact id: 'c17bccf53da0d16f8cc2aff3c0fb9bcc') in 0.048160 seconds 
========================================================================
Received Import Request.
  Time since last request: 0.000022 seconds.
  path: Assets/RPG FOOD PROPS/UNIVERSAL RENDER PIPELINE/Materials/WoodenBox2_DefaultMaterial_AlbedoTransparency.mat
  artifactKey: Guid(1024db21166f10240b5a57f5dbffdf56) Importer(815301076,1909f56bfc062723c751e8b465ee728b)
Start importing Assets/RPG FOOD PROPS/UNIVERSAL RENDER PIPELINE/Materials/WoodenBox2_DefaultMaterial_AlbedoTransparency.mat using Guid(1024db21166f10240b5a57f5dbffdf56) Importer(815301076,1909f56bfc062723c751e8b465ee728b)  -> (artifact id: 'a7d3ab621003f6821a421f30765e5070') in 0.056272 seconds 
========================================================================
Received Import Request.
  Time since last request: 534.818187 seconds.
  path: Assets/RPG FOOD PROPS/UNIVERSAL RENDER PIPELINE/Materials/Cheese1_DefaultMaterial_AlbedoTransparency.mat
  artifactKey: Guid(430737e7365f1814cb6132d8b4a24043) Importer(815301076,1909f56bfc062723c751e8b465ee728b)
Start importing Assets/RPG FOOD PROPS/UNIVERSAL RENDER PIPELINE/Materials/Cheese1_DefaultMaterial_AlbedoTransparency.mat using Guid(430737e7365f1814cb6132d8b4a24043) Importer(815301076,1909f56bfc062723c751e8b465ee728b)  -> (artifact id: 'af50ee3e5d36d048e867658a42a378b0') in 0.059871 seconds 
========================================================================
Received Import Request.
  Time since last request: 0.000025 seconds.
  path: Assets/RPG FOOD PROPS/UNIVERSAL RENDER PIPELINE/Materials/TraderTable_DefaultMaterial_AlbedoTransparency.mat
  artifactKey: Guid(094f5b9c98e39b4419ec8a96e41bce64) Importer(815301076,1909f56bfc062723c751e8b465ee728b)
Start importing Assets/RPG FOOD PROPS/UNIVERSAL RENDER PIPELINE/Materials/TraderTable_DefaultMaterial_AlbedoTransparency.mat using Guid(094f5b9c98e39b4419ec8a96e41bce64) Importer(815301076,1909f56bfc062723c751e8b465ee728b)  -> (artifact id: 'becd198a643364d10f4b7f9fb02547bb') in 0.055276 seconds 
========================================================================
Received Import Request.
  Time since last request: 0.000018 seconds.
  path: Assets/RPG FOOD PROPS/UNIVERSAL RENDER PIPELINE/Materials/Watermelon_DefaultMaterial_AlbedoTransparency.mat
  artifactKey: Guid(46a2cd99a41c7934ca37fff4f3e22339) Importer(815301076,1909f56bfc062723c751e8b465ee728b)
Start importing Assets/RPG FOOD PROPS/UNIVERSAL RENDER PIPELINE/Materials/Watermelon_DefaultMaterial_AlbedoTransparency.mat using Guid(46a2cd99a41c7934ca37fff4f3e22339) Importer(815301076,1909f56bfc062723c751e8b465ee728b)  -> (artifact id: '8189d4d16f9cd8fcc0e3cb9817afdd02') in 0.050785 seconds 
========================================================================
Received Import Request.
  Time since last request: 3.875894 seconds.
  path: Assets/Scenes/Scriptable Objects/Infographfic/Materials/alley info beehive.mat
  artifactKey: Guid(63ea7585026b55e49a79a813b5cd282d) Importer(815301076,1909f56bfc062723c751e8b465ee728b)
Start importing Assets/Scenes/Scriptable Objects/Infographfic/Materials/alley info beehive.mat using Guid(63ea7585026b55e49a79a813b5cd282d) Importer(815301076,1909f56bfc062723c751e8b465ee728b)  -> (artifact id: '0b1fd24fc0b366e75bf2171156624c39') in 0.041149 seconds 
========================================================================
Received Import Request.
  Time since last request: 0.000022 seconds.
  path: Assets/Samples/XR Interaction Toolkit/2.3.2/Hands Interaction Demo/Runtime/Materials/Controls_Black.mat
  artifactKey: Guid(f95c205049f12cc4cb5bd57dbded286c) Importer(815301076,1909f56bfc062723c751e8b465ee728b)
Start importing Assets/Samples/XR Interaction Toolkit/2.3.2/Hands Interaction Demo/Runtime/Materials/Controls_Black.mat using Guid(f95c205049f12cc4cb5bd57dbded286c) Importer(815301076,1909f56bfc062723c751e8b465ee728b)  -> (artifact id: '3fd966b49b56de15a61f8ccf65800695') in 0.013872 seconds 
========================================================================
Received Import Request.
  Time since last request: 0.000034 seconds.
  path: Assets/PBR Folding Chairs/Materials/chFolding.A2.mat
  artifactKey: Guid(71a7737cded596849ad70f1cedd92ef7) Importer(815301076,1909f56bfc062723c751e8b465ee728b)
Start importing Assets/PBR Folding Chairs/Materials/chFolding.A2.mat using Guid(71a7737cded596849ad70f1cedd92ef7) Importer(815301076,1909f56bfc062723c751e8b465ee728b)  -> (artifact id: '2a8ed369aeb81c03d68c0c561e0e31f9') in 0.192056 seconds 
========================================================================
Received Import Request.
  Time since last request: 0.000023 seconds.
  path: Packages/com.unity.probuilder/Content/Material/Checker.mat
  artifactKey: Guid(4717b199010ca4cb3a8a7a465ec457d2) Importer(815301076,1909f56bfc062723c751e8b465ee728b)
Start importing Packages/com.unity.probuilder/Content/Material/Checker.mat using Guid(4717b199010ca4cb3a8a7a465ec457d2) Importer(815301076,1909f56bfc062723c751e8b465ee728b)  -> (artifact id: 'd92127a596ce45686ad3222f11e77906') in 0.022661 seconds 
========================================================================
Received Import Request.
  Time since last request: 0.000022 seconds.
  path: Assets/SteamVR/InteractionSystem/Samples/BuggyBuddy/Materials/Buggy.mat
  artifactKey: Guid(184c631c36a048645a062ccc181de83c) Importer(815301076,1909f56bfc062723c751e8b465ee728b)
Start importing Assets/SteamVR/InteractionSystem/Samples/BuggyBuddy/Materials/Buggy.mat using Guid(184c631c36a048645a062ccc181de83c) Importer(815301076,1909f56bfc062723c751e8b465ee728b)  -> (artifact id: '1b4eeee0ae2147aaa830195cfed346ce') in 0.084517 seconds 
========================================================================
Received Import Request.
  Time since last request: 0.000029 seconds.
  path: Assets/Samples/XR Interaction Toolkit/2.3.2/Hands Interaction Demo/Runtime/Materials/Chrome.mat
  artifactKey: Guid(2edb876ca20f6ea40b4ebb61f96f1df1) Importer(815301076,1909f56bfc062723c751e8b465ee728b)
Start importing Assets/Samples/XR Interaction Toolkit/2.3.2/Hands Interaction Demo/Runtime/Materials/Chrome.mat using Guid(2edb876ca20f6ea40b4ebb61f96f1df1) Importer(815301076,1909f56bfc062723c751e8b465ee728b)  -> (artifact id: '71e74fde6aef3ae69566fe2fc539f3f1') in 0.015630 seconds 
========================================================================
Received Import Request.
  Time since last request: 0.000024 seconds.
  path: Assets/Scenes/Scriptable Objects/Prefabs/beehive.fbx
  artifactKey: Guid(8fb829a8d32dce3439b1718d804ef27e) Importer(815301076,1909f56bfc062723c751e8b465ee728b)
Start importing Assets/Scenes/Scriptable Objects/Prefabs/beehive.fbx using Guid(8fb829a8d32dce3439b1718d804ef27e) Importer(815301076,1909f56bfc062723c751e8b465ee728b)  -> (artifact id: '6157f28cbe16737d6a174da9733e7e7a') in 0.041757 seconds 
========================================================================
Received Import Request.
  Time since last request: 0.000018 seconds.
  path: Assets/RPG FOOD PROPS/HD RENDER PIPELINE/Meshs/Bread2_Collider.fbx
  artifactKey: Guid(5f8ab07d936205240b5c3f228329f73d) Importer(815301076,1909f56bfc062723c751e8b465ee728b)
Start importing Assets/RPG FOOD PROPS/HD RENDER PIPELINE/Meshs/Bread2_Collider.fbx using Guid(5f8ab07d936205240b5c3f228329f73d) Importer(815301076,1909f56bfc062723c751e8b465ee728b)  -> (artifact id: '1420fa7f745da0acd18c6317998bcb29') in 0.011971 seconds 
========================================================================
Received Import Request.
  Time since last request: 0.000032 seconds.
  path: Assets/Assets_FenceChained/models/chainlink_barbwire-2.FBX
  artifactKey: Guid(32337b2ced4e84f419f3bc3231bb7a49) Importer(815301076,1909f56bfc062723c751e8b465ee728b)
Start importing Assets/Assets_FenceChained/models/chainlink_barbwire-2.FBX using Guid(32337b2ced4e84f419f3bc3231bb7a49) Importer(815301076,1909f56bfc062723c751e8b465ee728b)  -> (artifact id: '0900221bb157ff6bf40d8dd6d2a130a7') in 0.079732 seconds 
========================================================================
Received Import Request.
  Time since last request: 0.000020 seconds.
  path: Assets/RPG FOOD PROPS/HD RENDER PIPELINE/Meshs/Cheese2_Collider.fbx
  artifactKey: Guid(077fabb387e93b64183d14c9581f532f) Importer(815301076,1909f56bfc062723c751e8b465ee728b)
Start importing Assets/RPG FOOD PROPS/HD RENDER PIPELINE/Meshs/Cheese2_Collider.fbx using Guid(077fabb387e93b64183d14c9581f532f) Importer(815301076,1909f56bfc062723c751e8b465ee728b)  -> (artifact id: '2a18b25dfeea72e276ca19d0277108ce') in 0.011886 seconds 
========================================================================
Received Import Request.
  Time since last request: 0.000023 seconds.
  path: Assets/RPG FOOD PROPS/HD RENDER PIPELINE/Meshs/Bread1_Collider.fbx
  artifactKey: Guid(0924d71f85405204a92c52097cf2abd4) Importer(815301076,1909f56bfc062723c751e8b465ee728b)
Start importing Assets/RPG FOOD PROPS/HD RENDER PIPELINE/Meshs/Bread1_Collider.fbx using Guid(0924d71f85405204a92c52097cf2abd4) Importer(815301076,1909f56bfc062723c751e8b465ee728b)  -> (artifact id: '356dc252a7623395450b8f1c2ddc9e32') in 0.018550 seconds 
========================================================================
Received Import Request.
  Time since last request: 0.000025 seconds.
  path: Assets/Scenes/Scriptable Objects/Objects/bush.fbx
  artifactKey: Guid(4f34ba2b995315340a476ce28e9e92a2) Importer(815301076,1909f56bfc062723c751e8b465ee728b)
Start importing Assets/Scenes/Scriptable Objects/Objects/bush.fbx using Guid(4f34ba2b995315340a476ce28e9e92a2) Importer(815301076,1909f56bfc062723c751e8b465ee728b)  -> (artifact id: 'fa2f9728db6532ba2328ce55d77b44b5') in 0.516089 seconds 
========================================================================
Received Import Request.
  Time since last request: 0.000034 seconds.
  path: Assets/Assets_FenceChained/models/chainlink_group-1.FBX
  artifactKey: Guid(9a054218110e7774cb00b700ee363f87) Importer(815301076,1909f56bfc062723c751e8b465ee728b)
Start importing Assets/Assets_FenceChained/models/chainlink_group-1.FBX using Guid(9a054218110e7774cb00b700ee363f87) Importer(815301076,1909f56bfc062723c751e8b465ee728b)  -> (artifact id: 'aadbca975192cbbbc7ef8fdf826cbcc1') in 0.062957 seconds 
========================================================================
Received Import Request.
  Time since last request: 0.000031 seconds.
  path: Assets/Samples/XR Interaction Toolkit/2.3.2/Hands Interaction Demo/Runtime/Models/Primitives/Cone.fbx
  artifactKey: Guid(30ab630b2b7264c1c85cca8ce81b06c3) Importer(815301076,1909f56bfc062723c751e8b465ee728b)
Start importing Assets/Samples/XR Interaction Toolkit/2.3.2/Hands Interaction Demo/Runtime/Models/Primitives/Cone.fbx using Guid(30ab630b2b7264c1c85cca8ce81b06c3) Importer(815301076,1909f56bfc062723c751e8b465ee728b)  -> (artifact id: '7bcef1426260acf43c18df32cd20591b') in 0.021192 seconds 
========================================================================
Received Import Request.
  Time since last request: 0.000019 seconds.
  path: Assets/Stylized Plants Kit/Models/Branch 2.fbx
  artifactKey: Guid(fb4d36668ff85784e9b3d8592183bc14) Importer(815301076,1909f56bfc062723c751e8b465ee728b)
Start importing Assets/Stylized Plants Kit/Models/Branch 2.fbx using Guid(fb4d36668ff85784e9b3d8592183bc14) Importer(815301076,1909f56bfc062723c751e8b465ee728b)  -> (artifact id: '205994fc80d87db87d46632b8db52d41') in 0.233576 seconds 
========================================================================
Received Import Request.
  Time since last request: 0.000022 seconds.
  path: Assets/RPG FOOD PROPS/HD RENDER PIPELINE/Meshs/Bottle1_Collider.fbx
  artifactKey: Guid(8a63e96756baf2a46a5e7988866a623c) Importer(815301076,1909f56bfc062723c751e8b465ee728b)
Start importing Assets/RPG FOOD PROPS/HD RENDER PIPELINE/Meshs/Bottle1_Collider.fbx using Guid(8a63e96756baf2a46a5e7988866a623c) Importer(815301076,1909f56bfc062723c751e8b465ee728b)  -> (artifact id: 'dcd63c512c9d0f049801139f73532707') in 0.011970 seconds 
========================================================================
Received Import Request.
  Time since last request: 0.000055 seconds.
  path: Assets/RPG FOOD PROPS/HD RENDER PIPELINE/Materials/Bottle2.mat
  artifactKey: Guid(06bd6a80b34df1443ae9843bb449b97c) Importer(815301076,1909f56bfc062723c751e8b465ee728b)
Start importing Assets/RPG FOOD PROPS/HD RENDER PIPELINE/Materials/Bottle2.mat using Guid(06bd6a80b34df1443ae9843bb449b97c) Importer(815301076,1909f56bfc062723c751e8b465ee728b)  -> (artifact id: '935906adf73c0964b3b9c59b260d5285') in 0.157032 seconds 
========================================================================
Received Import Request.
  Time since last request: 0.000019 seconds.
  path: Assets/PBR Folding Chairs/Meshes/chFolding.A_LOD0.fbx
  artifactKey: Guid(37e97f97931e06f4b9318bb7a9fa399d) Importer(815301076,1909f56bfc062723c751e8b465ee728b)
Start importing Assets/PBR Folding Chairs/Meshes/chFolding.A_LOD0.fbx using Guid(37e97f97931e06f4b9318bb7a9fa399d) Importer(815301076,1909f56bfc062723c751e8b465ee728b)  -> (artifact id: '4ff30eca34f9a15ce429fd0e9b903a8f') in 0.027717 seconds 
========================================================================
Received Import Request.
  Time since last request: 0.000032 seconds.
  path: Assets/Stylized Plants Kit/Models/Branch 1.fbx
  artifactKey: Guid(a2a33dbd14e3ed5488c90c8e552927ff) Importer(815301076,1909f56bfc062723c751e8b465ee728b)
Start importing Assets/Stylized Plants Kit/Models/Branch 1.fbx using Guid(a2a33dbd14e3ed5488c90c8e552927ff) Importer(815301076,1909f56bfc062723c751e8b465ee728b)  -> (artifact id: '05c7b8a60da7d9a7cd03a5d536ff74a8') in 0.049881 seconds 
========================================================================
Received Import Request.
  Time since last request: 0.000023 seconds.
  path: Assets/Scenes/Scriptable Objects/Prefabs/bench 1.fbx
  artifactKey: Guid(e342358db2f8d5647b7fb44b7d87b5dd) Importer(815301076,1909f56bfc062723c751e8b465ee728b)
Start importing Assets/Scenes/Scriptable Objects/Prefabs/bench 1.fbx using Guid(e342358db2f8d5647b7fb44b7d87b5dd) Importer(815301076,1909f56bfc062723c751e8b465ee728b)  -> (artifact id: '50f303d536408ab7f592774725363975') in 0.022487 seconds 
========================================================================
Received Import Request.
  Time since last request: 0.000033 seconds.
  path: Assets/RPG FOOD PROPS/HD RENDER PIPELINE/Meshs/Bottle1.fbx
  artifactKey: Guid(95960110499981d4398ee3a17c535423) Importer(815301076,1909f56bfc062723c751e8b465ee728b)
Start importing Assets/RPG FOOD PROPS/HD RENDER PIPELINE/Meshs/Bottle1.fbx using Guid(95960110499981d4398ee3a17c535423) Importer(815301076,1909f56bfc062723c751e8b465ee728b)  -> (artifact id: '4b2970c2ac44a3d25cc9eeefcad838cb') in 0.016518 seconds 
========================================================================
Received Import Request.
  Time since last request: 0.000024 seconds.
  path: Assets/SteamVR/InteractionSystem/Samples/BuggyBuddy/Buggy Controller.fbx
  artifactKey: Guid(02842627faccabf418acf404c32f7b7a) Importer(815301076,1909f56bfc062723c751e8b465ee728b)
Start importing Assets/SteamVR/InteractionSystem/Samples/BuggyBuddy/Buggy Controller.fbx using Guid(02842627faccabf418acf404c32f7b7a) Importer(815301076,1909f56bfc062723c751e8b465ee728b)  -> (artifact id: '22e7c7585f3ca6a4377f600442f8d4db') in 0.101592 seconds 
========================================================================
Received Import Request.
  Time since last request: 0.000021 seconds.
  path: Assets/SteamVR/InteractionSystem/Samples/Models/Materials/fabric 1.mat
  artifactKey: Guid(be0b1dee5fea4ea40909e542a9a5fb16) Importer(815301076,1909f56bfc062723c751e8b465ee728b)
Start importing Assets/SteamVR/InteractionSystem/Samples/Models/Materials/fabric 1.mat using Guid(be0b1dee5fea4ea40909e542a9a5fb16) Importer(815301076,1909f56bfc062723c751e8b465ee728b)  -> (artifact id: '403e647285a57a0ca4698231b8745458') in 0.137159 seconds 
========================================================================
Received Import Request.
  Time since last request: 0.000023 seconds.
  path: Assets/SteamVR/InteractionSystem/Samples/Models/Materials/Furniture.mat
  artifactKey: Guid(44849d41e6077f145a95f87372b6b598) Importer(815301076,1909f56bfc062723c751e8b465ee728b)
Start importing Assets/SteamVR/InteractionSystem/Samples/Models/Materials/Furniture.mat using Guid(44849d41e6077f145a95f87372b6b598) Importer(815301076,1909f56bfc062723c751e8b465ee728b)  -> (artifact id: '0e5fd69a8013402f7b32367ddd84ab9a') in 0.159823 seconds 
========================================================================
Received Import Request.
  Time since last request: 0.000037 seconds.
  path: Packages/com.unity.searcher/Editor/Resources/FlatSkin/Font/Roboto-Italic.ttf
  artifactKey: Guid(c839255fc8f6b4b4d90bf8c1af9f9bd1) Importer(815301076,1909f56bfc062723c751e8b465ee728b)
Start importing Packages/com.unity.searcher/Editor/Resources/FlatSkin/Font/Roboto-Italic.ttf using Guid(c839255fc8f6b4b4d90bf8c1af9f9bd1) Importer(815301076,1909f56bfc062723c751e8b465ee728b)  -> (artifact id: 'e35e56663a835da1a262bb809715f69b') in 0.027332 seconds 
========================================================================
Received Import Request.
  Time since last request: 0.000022 seconds.
  path: Assets/Samples/XR Interaction Toolkit/2.3.2/Hands Interaction Demo/Runtime/Models/Primitives/Cube.fbx
  artifactKey: Guid(7cf3ac7bcd2e5471fb54d5f5da9aad56) Importer(815301076,1909f56bfc062723c751e8b465ee728b)
Start importing Assets/Samples/XR Interaction Toolkit/2.3.2/Hands Interaction Demo/Runtime/Models/Primitives/Cube.fbx using Guid(7cf3ac7bcd2e5471fb54d5f5da9aad56) Importer(815301076,1909f56bfc062723c751e8b465ee728b)  -> (artifact id: '50978573be8a1d853d5dccf3aa7de2c1') in 0.020860 seconds 
========================================================================
Received Import Request.
  Time since last request: 0.000021 seconds.
  path: Assets/TextMesh Pro/Fonts/LiberationSans.ttf
  artifactKey: Guid(e3265ab4bf004d28a9537516768c1c75) Importer(815301076,1909f56bfc062723c751e8b465ee728b)
Start importing Assets/TextMesh Pro/Fonts/LiberationSans.ttf using Guid(e3265ab4bf004d28a9537516768c1c75) Importer(815301076,1909f56bfc062723c751e8b465ee728b)  -> (artifact id: '5f3113df9c64817575ac1b2596df0c09') in 0.020378 seconds 
========================================================================
Received Import Request.
  Time since last request: 0.000022 seconds.
  path: Assets/SteamVR/InteractionSystem/Longbow/Models/Arrow.fbx
  artifactKey: Guid(56377e28a47008245871ca7b435044c4) Importer(815301076,1909f56bfc062723c751e8b465ee728b)
Start importing Assets/SteamVR/InteractionSystem/Longbow/Models/Arrow.fbx using Guid(56377e28a47008245871ca7b435044c4) Importer(815301076,1909f56bfc062723c751e8b465ee728b)  -> (artifact id: '290bf5201d3d804c18131d33e346e11f') in 0.030746 seconds 
========================================================================
Received Import Request.
  Time since last request: 0.000025 seconds.
  path: Assets/Samples/XR Interaction Toolkit/2.3.2/Hands Interaction Demo/Runtime/Models/Primitives/Disc.fbx
  artifactKey: Guid(c3bde1a6f623d4b569b67c73aedfebbf) Importer(815301076,1909f56bfc062723c751e8b465ee728b)
Start importing Assets/Samples/XR Interaction Toolkit/2.3.2/Hands Interaction Demo/Runtime/Models/Primitives/Disc.fbx using Guid(c3bde1a6f623d4b569b67c73aedfebbf) Importer(815301076,1909f56bfc062723c751e8b465ee728b)  -> (artifact id: '9dbd82203e0cca52f7aaf6f2c4c051b6') in 0.020595 seconds 
========================================================================
Received Import Request.
  Time since last request: 0.000024 seconds.
  path: Assets/Assets_FenceChained/models/floor-1.FBX
  artifactKey: Guid(59d11a29ed531044fbe8f24d3fc183d6) Importer(815301076,1909f56bfc062723c751e8b465ee728b)
Start importing Assets/Assets_FenceChained/models/floor-1.FBX using Guid(59d11a29ed531044fbe8f24d3fc183d6) Importer(815301076,1909f56bfc062723c751e8b465ee728b)  -> (artifact id: '1ca8ceb5d56a7739249ef515a32d3bb8') in 0.069131 seconds 
========================================================================
Received Import Request.
  Time since last request: 0.000023 seconds.
  path: Assets/RPG FOOD PROPS/HD RENDER PIPELINE/Materials/Cheese2.mat
  artifactKey: Guid(7b77c127c3038824e8b41968a7e68841) Importer(815301076,1909f56bfc062723c751e8b465ee728b)
Start importing Assets/RPG FOOD PROPS/HD RENDER PIPELINE/Materials/Cheese2.mat using Guid(7b77c127c3038824e8b41968a7e68841) Importer(815301076,1909f56bfc062723c751e8b465ee728b)  -> (artifact id: '15d729c1f8323ee7767314118af97e38') in 0.139974 seconds 
========================================================================
Received Import Request.
  Time since last request: 21.408216 seconds.
  path: Assets/Materials/grass 5.mat
  artifactKey: Guid(c986e04ca73981f4c962348a59c13e1d) Importer(815301076,1909f56bfc062723c751e8b465ee728b)
Start importing Assets/Materials/grass 5.mat using Guid(c986e04ca73981f4c962348a59c13e1d) Importer(815301076,1909f56bfc062723c751e8b465ee728b)  -> (artifact id: '7c859a78c7b47121bbc9f4768eabecdd') in 0.017718 seconds 
========================================================================
Received Import Request.
  Time since last request: 41.638714 seconds.
  path: Assets/Materials/grass 5.mat
  artifactKey: Guid(c986e04ca73981f4c962348a59c13e1d) Importer(815301076,1909f56bfc062723c751e8b465ee728b)
Start importing Assets/Materials/grass 5.mat using Guid(c986e04ca73981f4c962348a59c13e1d) Importer(815301076,1909f56bfc062723c751e8b465ee728b)  -> (artifact id: '1c2c02b3a7de278726d91c0e941b6d7c') in 0.012869 seconds 
========================================================================
Received Import Request.
  Time since last request: 911.612236 seconds.
  path: Assets/SteamVR
  artifactKey: Guid(85eeabe70b9b1bc419f4e784de6e3db2) Importer(815301076,1909f56bfc062723c751e8b465ee728b)
Start importing Assets/SteamVR using Guid(85eeabe70b9b1bc419f4e784de6e3db2) Importer(815301076,1909f56bfc062723c751e8b465ee728b)  -> (artifact id: 'b3acdf435ba65b7caf7d78b3a3151e34') in 0.009017 seconds 
========================================================================
Received Import Request.
  Time since last request: 0.931702 seconds.
  path: Assets/Scenes/Longbow.prefab
  artifactKey: Guid(6f4547fd09edcde48a291f7df2c54641) Importer(815301076,1909f56bfc062723c751e8b465ee728b)
Start importing Assets/Scenes/Longbow.prefab using Guid(6f4547fd09edcde48a291f7df2c54641) Importer(815301076,1909f56bfc062723c751e8b465ee728b)  -> (artifact id: '5d374ebda5df23218339bafc69e605c5') in 0.721375 seconds 
========================================================================
Received Import Request.
  Time since last request: 6.328064 seconds.
  path: Assets/Scenes/temp/Materials
  artifactKey: Guid(82a3351b3d952ed479e7884ccb5306ec) Importer(815301076,1909f56bfc062723c751e8b465ee728b)
Start importing Assets/Scenes/temp/Materials using Guid(82a3351b3d952ed479e7884ccb5306ec) Importer(815301076,1909f56bfc062723c751e8b465ee728b)  -> (artifact id: '0381bba7b5406394c9efe5dd2326c5b6') in 0.008964 seconds 
========================================================================
Received Import Request.
  Time since last request: 0.172950 seconds.
  path: Assets/Scenes/temp/Materials/greenhouse plastic normal.mat
  artifactKey: Guid(31f9912ffcac5c844a8c487cfff4d2ba) Importer(815301076,1909f56bfc062723c751e8b465ee728b)
Start importing Assets/Scenes/temp/Materials/greenhouse plastic normal.mat using Guid(31f9912ffcac5c844a8c487cfff4d2ba) Importer(815301076,1909f56bfc062723c751e8b465ee728b)  -> (artifact id: 'cdc8b6d6dcaaa03d91fa7c17783db97b') in 0.063099 seconds 
========================================================================
Received Import Request.
  Time since last request: 0.000020 seconds.
  path: Assets/Scenes/temp/Materials/road texture.mat
  artifactKey: Guid(aac983ac0d50d6d468d9a0264a3d1415) Importer(815301076,1909f56bfc062723c751e8b465ee728b)
Start importing Assets/Scenes/temp/Materials/road texture.mat using Guid(aac983ac0d50d6d468d9a0264a3d1415) Importer(815301076,1909f56bfc062723c751e8b465ee728b)  -> (artifact id: 'e572a42848ee95c46d681caf593771db') in 0.047755 seconds 
========================================================================
Received Import Request.
  Time since last request: 0.000027 seconds.
  path: Assets/Scenes/temp/Materials/yellow brick.mat
  artifactKey: Guid(428f2ee8230582948ab53db1a2729981) Importer(815301076,1909f56bfc062723c751e8b465ee728b)
Start importing Assets/Scenes/temp/Materials/yellow brick.mat using Guid(428f2ee8230582948ab53db1a2729981) Importer(815301076,1909f56bfc062723c751e8b465ee728b)  -> (artifact id: 'fb30ac5378c150e980ceb7119db20c66') in 0.036632 seconds 
========================================================================
Received Import Request.
  Time since last request: 0.000023 seconds.
  path: Assets/Scenes/temp/Materials/pavement.mat
  artifactKey: Guid(1269ae70ed2fead40b5464532e88e279) Importer(815301076,1909f56bfc062723c751e8b465ee728b)
Start importing Assets/Scenes/temp/Materials/pavement.mat using Guid(1269ae70ed2fead40b5464532e88e279) Importer(815301076,1909f56bfc062723c751e8b465ee728b)  -> (artifact id: 'd0cfb5ec7490b944ac315a782525c83a') in 0.050665 seconds 
========================================================================
Received Import Request.
  Time since last request: 0.000019 seconds.
  path: Assets/Scenes/temp/Materials/wood fence text.mat
  artifactKey: Guid(45339f881f807504fac9f0e27f8e3bce) Importer(815301076,1909f56bfc062723c751e8b465ee728b)
Start importing Assets/Scenes/temp/Materials/wood fence text.mat using Guid(45339f881f807504fac9f0e27f8e3bce) Importer(815301076,1909f56bfc062723c751e8b465ee728b)  -> (artifact id: '6beb7dec338ab78c7e08342505528ca7') in 0.099080 seconds 
========================================================================
Received Import Request.
  Time since last request: 0.000025 seconds.
  path: Assets/Scenes/temp/Materials/wood fence normal map.mat
  artifactKey: Guid(eb6e40585c903214fa72b416ee8afbaa) Importer(815301076,1909f56bfc062723c751e8b465ee728b)
Start importing Assets/Scenes/temp/Materials/wood fence normal map.mat using Guid(eb6e40585c903214fa72b416ee8afbaa) Importer(815301076,1909f56bfc062723c751e8b465ee728b)  -> (artifact id: '7a1593059f2e682ce1b214eecc24425f') in 0.069318 seconds 
========================================================================
Received Import Request.
  Time since last request: 2.813706 seconds.
  path: Assets/Scenes/First Person/First Person Player 1.prefab
  artifactKey: Guid(2ae19248a63c8ee44a40870a7dba02af) Importer(815301076,1909f56bfc062723c751e8b465ee728b)
Start importing Assets/Scenes/First Person/First Person Player 1.prefab using Guid(2ae19248a63c8ee44a40870a7dba02af) Importer(815301076,1909f56bfc062723c751e8b465ee728b)  -> (artifact id: '7afbd386851e9c92065f97ca7ed8a38c') in 0.463174 seconds 
========================================================================
Received Import Request.
  Time since last request: 8.422392 seconds.
  path: Assets/Scenes/Scriptable Objects/PLANT Variant.prefab
  artifactKey: Guid(6d256d6639e724d408b669dd2d0165ef) Importer(815301076,1909f56bfc062723c751e8b465ee728b)
Start importing Assets/Scenes/Scriptable Objects/PLANT Variant.prefab using Guid(6d256d6639e724d408b669dd2d0165ef) Importer(815301076,1909f56bfc062723c751e8b465ee728b)  -> (artifact id: 'f3f2c8ab94c165ffe4830130502f9b25') in 0.059446 seconds 
========================================================================
Received Prepare
Refreshing native plugins compatible for Editor in 17.23 ms, found 16 plugins.
Preloading 1 native plugins for Editor in 0.11 ms.
Unloading 62 Unused Serialized files (Serialized files now loaded: 0)
Unloading 64 unused Assets / (1.6 MB). Loaded Objects now: 7423.
Memory consumption went from 170.1 MB to 168.6 MB.
Total: 6.065500 ms (FindLiveObjects: 0.587900 ms CreateObjectMapping: 0.187800 ms MarkObjects: 4.378600 ms  DeleteObjects: 0.910300 ms)

AssetImportParameters requested are different than current active one (requested -> active):
  custom:video-decoder-ogg-theora: a1e56fd34408186e4bbccfd4996cb3dc -> 
  custom:container-muxer-webm: aa71ff27fc2769a1b78a27578f13a17b -> 
  custom:container-demuxer-webm: 4f35f7cbe854078d1ac9338744f61a02 -> 
  custom:video-encoder-webm-vp8: eb34c28f22e8b96e1ab97ce403110664 -> 
  custom:audio-encoder-webm-vorbis: bf7c407c2cedff20999df2af8eb42d56 -> 
  custom:framework-win-MediaFoundation: 216162199b28c13a410421893ffa2e32 -> 
  custom:container-demuxer-ogg: 62fdf1f143b41e24485cea50d1cbac27 -> 
  custom:video-decoder-webm-vp8: 9c59270c3fd7afecdb556c50c9e8de78 -> 
  custom:audio-decoder-ogg-vorbis: bf7c407c2cedff20999df2af8eb42d56 -> 
